2023-12-07 07:25:51,719 [INFO] Activator:176 - 


2023-12-07 07:25:51,729 [INFO] Activator:177 - !SESSION log4j initialized
2023-12-07 07:26:03,261 [INFO] LogOutputStream:77 - [STDOUT_REDIRECT] 
2023-12-07 07:26:30,901 [ERROR] LogOutputStream:75 - [STDERR_REDIRECT] SLF4J: Failed to load class "org.slf4j.impl.StaticLoggerBinder".
2023-12-07 07:26:30,901 [ERROR] LogOutputStream:75 - [STDERR_REDIRECT] SLF4J: Defaulting to no-operation (NOP) logger implementation
2023-12-07 07:26:30,917 [ERROR] LogOutputStream:75 - [STDERR_REDIRECT] SLF4J: See http://www.slf4j.org/codes.html#StaticLoggerBinder for further details.
2023-12-07 07:26:45,339 [INFO] ApplicationProperties:184 - Using Application install path: C:\ST\STM32CubeIDE_1.12.0\STM32CubeIDE\plugins\com.st.stm32cube.common.mx_6.8.0.202302231600
2023-12-07 07:26:45,385 [INFO] DbMcusXml:78 - Set database path to: C:\ST\STM32CubeIDE_1.12.0\STM32CubeIDE\plugins\com.st.stm32cube.common.mx_6.8.0.202302231600\\db\/mcu/
2023-12-07 07:26:45,385 [INFO] ApiDb:274 - Set plugin database path to: C:\ST\STM32CubeIDE_1.12.0\STM32CubeIDE\plugins\com.st.stm32cube.common.mx_6.8.0.202302231600\\db\/plugins/boardmanager/
2023-12-07 07:26:45,388 [WARN] ApiDb:259 - Overriding images path with different value:  => C:\ST\STM32CubeIDE_1.12.0\STM32CubeIDE\plugins\com.st.stm32cube.common.mx_6.8.0.202302231600\\db\/plugins/mcufinder/images/
2023-12-07 07:26:45,428 [INFO] ApiDb:250 - Set database path to: C:\Users\PC\.stmcufinder\plugins\mcufinder//mcu/
2023-12-07 07:26:45,434 [INFO] DbMcusAds:125 - Set database path to: C:\Users\PC\.stmcufinder\plugins\mcufinder//mcu/
2023-12-07 07:26:45,501 [INFO] CrossReferenceDbSqlite:203 - Set database path to: C:\Users\PC\.stmcufinder\plugins\mcufinder//mcu/cs/
2023-12-07 07:26:45,734 [INFO] RulesReader:64 - Compatibility file has been processed (293 Rules)
2023-12-07 07:26:45,909 [INFO] DbMcusXml:78 - Set database path to: C:\ST\STM32CubeIDE_1.12.0\STM32CubeIDE\plugins\com.st.stm32cube.common.mx_6.8.0.202302231600\\db\/mcu/
2023-12-07 07:26:45,909 [INFO] ApiDb:274 - Set plugin database path to: C:\ST\STM32CubeIDE_1.12.0\STM32CubeIDE\plugins\com.st.stm32cube.common.mx_6.8.0.202302231600\\db\/plugins/boardmanager/
2023-12-07 07:26:45,917 [INFO] ApiDb:261 - Set plugin images path to: C:\ST\STM32CubeIDE_1.12.0\STM32CubeIDE\plugins\com.st.stm32cube.common.mx_6.8.0.202302231600\\db\/plugins/mcufinder/images/
2023-12-07 07:26:45,917 [WARN] DbFile:41 - Overriding database path with different value: C:\Users\PC\.stmcufinder\plugins\mcufinder/ => C:\Users\PC\.stmcufinder\plugins\mcufinder
2023-12-07 07:26:45,917 [INFO] ApiDb:250 - Set database path to: C:\Users\PC\.stmcufinder\plugins\mcufinder//mcu/
2023-12-07 07:26:45,917 [WARN] DbFile:41 - Overriding database path with different value: C:\Users\PC\.stmcufinder\plugins\mcufinder/ => C:\Users\PC\.stmcufinder\plugins\mcufinder
2023-12-07 07:26:45,919 [INFO] DbMcusAds:125 - Set database path to: C:\Users\PC\.stmcufinder\plugins\mcufinder//mcu/
2023-12-07 07:26:45,919 [WARN] DbFile:41 - Overriding database path with different value: C:\Users\PC\.stmcufinder\plugins\mcufinder/ => C:\Users\PC\.stmcufinder\plugins\mcufinder
2023-12-07 07:26:45,919 [WARN] DbFile:41 - Overriding database path with different value: C:\Users\PC\.stmcufinder\plugins\mcufinder/ => C:\Users\PC\.stmcufinder\plugins\mcufinder
2023-12-07 07:26:45,920 [INFO] CrossReferenceDbSqlite:203 - Set database path to: C:\Users\PC\.stmcufinder\plugins\mcufinder//mcu/cs/
2023-12-07 07:26:46,075 [INFO] MainPanel:253 - HeapMemory: 268435456
2023-12-07 07:26:46,306 [INFO] DbMcusXml:78 - Set database path to: C:\ST\STM32CubeIDE_1.12.0\STM32CubeIDE\plugins\com.st.stm32cube.common.mx_6.8.0.202302231600\\db\/mcu/
2023-12-07 07:26:46,320 [INFO] ApiDb:274 - Set plugin database path to: C:\ST\STM32CubeIDE_1.12.0\STM32CubeIDE\plugins\com.st.stm32cube.common.mx_6.8.0.202302231600\\db\/plugins/boardmanager/
2023-12-07 07:26:46,320 [INFO] ApiDb:261 - Set plugin images path to: C:\ST\STM32CubeIDE_1.12.0\STM32CubeIDE\plugins\com.st.stm32cube.common.mx_6.8.0.202302231600\\db\/plugins/mcufinder/images/
2023-12-07 07:26:46,320 [WARN] DbFile:41 - Overriding database path with different value: C:\Users\PC\.stmcufinder\plugins\mcufinder/ => C:\Users\PC\.stmcufinder\plugins\mcufinder
2023-12-07 07:26:46,320 [INFO] ApiDb:250 - Set database path to: C:\Users\PC\.stmcufinder\plugins\mcufinder//mcu/
2023-12-07 07:26:46,320 [WARN] DbFile:41 - Overriding database path with different value: C:\Users\PC\.stmcufinder\plugins\mcufinder/ => C:\Users\PC\.stmcufinder\plugins\mcufinder
2023-12-07 07:26:46,320 [INFO] DbMcusAds:125 - Set database path to: C:\Users\PC\.stmcufinder\plugins\mcufinder//mcu/
2023-12-07 07:26:46,320 [WARN] DbFile:41 - Overriding database path with different value: C:\Users\PC\.stmcufinder\plugins\mcufinder/ => C:\Users\PC\.stmcufinder\plugins\mcufinder
2023-12-07 07:26:46,320 [WARN] DbFile:41 - Overriding database path with different value: C:\Users\PC\.stmcufinder\plugins\mcufinder/ => C:\Users\PC\.stmcufinder\plugins\mcufinder
2023-12-07 07:26:46,320 [INFO] CrossReferenceDbSqlite:203 - Set database path to: C:\Users\PC\.stmcufinder\plugins\mcufinder//mcu/cs/
2023-12-07 07:26:46,361 [INFO] ApplicationProperties:184 - Using Application install path: C:\ST\STM32CubeIDE_1.12.0\STM32CubeIDE\plugins\com.st.stm32cube.common.mx_6.8.0.202302231600
2023-12-07 07:26:46,361 [INFO] PluginManage:196 - Search for loadable plugins [exclusion list=, ]
2023-12-07 07:26:46,370 [INFO] PluginManage:310 - Check plugin analytics
2023-12-07 07:26:46,693 [INFO] AnalyticsPlugin:253 - Accepted Software Licenses: STM32CubeMX.6.7.0
2023-12-07 07:26:46,693 [INFO] AnalyticsPlugin:255 - Accepted CMSIS Pack Licenses: 
2023-12-07 07:26:46,707 [INFO] AnalyticsPlugin:257 - Accepted Firmware Licenses: 
2023-12-07 07:26:46,729 [INFO] PluginManage:359 - Loaded plugin analytics (category:tool,tabindex:-1)
2023-12-07 07:26:46,730 [INFO] PluginManage:310 - Check plugin cadmodel
2023-12-07 07:26:46,747 [INFO] CADModel:105 - Init CAD model plugin
2023-12-07 07:26:46,747 [INFO] PluginManage:359 - Loaded plugin cadmodel (category:power,tabindex:5)
2023-12-07 07:26:46,747 [INFO] PluginManage:310 - Check plugin clock
2023-12-07 07:26:46,795 [INFO] PluginManage:359 - Loaded plugin clock (category:base,tabindex:2)
2023-12-07 07:26:46,795 [INFO] PluginManage:310 - Check plugin ddr
2023-12-07 07:26:46,795 [INFO] PluginManage:359 - Loaded plugin ddr (category:tool,tabindex:6)
2023-12-07 07:26:46,795 [INFO] PluginManage:310 - Check plugin filemanager
2023-12-07 07:26:47,107 [INFO] PluginManage:359 - Loaded plugin filemanager (category:base,tabindex:10)
2023-12-07 07:26:47,107 [INFO] PluginManage:310 - Check plugin ipmanager
2023-12-07 07:26:47,122 [INFO] PluginManage:359 - Loaded plugin ipmanager (category:base,tabindex:5)
2023-12-07 07:26:47,122 [INFO] PluginManage:310 - Check plugin lpbam
2023-12-07 07:26:47,148 [INFO] PluginManage:359 - Loaded plugin lpbam (category:base,tabindex:0)
2023-12-07 07:26:47,148 [INFO] PluginManage:310 - Check plugin pinoutandconfiguration
2023-12-07 07:26:47,178 [INFO] PluginManage:359 - Loaded plugin pinoutandconfiguration (category:base,tabindex:1)
2023-12-07 07:26:47,178 [INFO] PluginManage:310 - Check plugin pinoutconfig
2023-12-07 07:26:47,337 [WARN] SupportedApi:132 - Cannot load RTOS API schema: s4s-elt-must-match.1: The content of 'definitions' must match (annotation?, (simpleType | complexType)?, (unique | key | keyref)*)). A problem was found starting at: attribute.
2023-12-07 07:26:47,647 [INFO] PluginManage:359 - Loaded plugin pinoutconfig (category:base,tabindex:0)
2023-12-07 07:26:47,647 [INFO] PluginManage:310 - Check plugin power
2023-12-07 07:26:47,679 [INFO] PluginManage:359 - Loaded plugin power (category:power,tabindex:4)
2023-12-07 07:26:47,679 [INFO] PluginManage:310 - Check plugin projectmanager
2023-12-07 07:26:47,711 [INFO] PluginManage:359 - Loaded plugin projectmanager (category:projectmanager,tabindex:3)
2023-12-07 07:26:47,711 [INFO] PluginManage:310 - Check plugin thirdparty
2023-12-07 07:26:48,249 [INFO] PluginManage:359 - Loaded plugin thirdparty (category:base,tabindex:-1)
2023-12-07 07:26:48,249 [WARN] IntegrityCheckThread:84 - waiting for thirdparty lock release [integrity check]
2023-12-07 07:26:48,265 [INFO] IntegrityCheckThread:86 - entering critical section [integrity check]
2023-12-07 07:26:48,265 [INFO] PluginManage:310 - Check plugin tools
2023-12-07 07:26:48,265 [INFO] ThirdPartyUpdaterWithRetryManager:70 - Updater plugin not ready yet. [1/15]
2023-12-07 07:26:48,312 [INFO] PluginManage:359 - Loaded plugin tools (category:base,tabindex:7)
2023-12-07 07:26:48,312 [INFO] PluginManage:310 - Check plugin tutovideos
2023-12-07 07:26:48,716 [INFO] PluginManage:359 - Loaded plugin tutovideos (category:base,tabindex:-1)
2023-12-07 07:26:48,716 [INFO] PluginManage:310 - Check plugin updater
2023-12-07 07:26:48,740 [INFO] PluginManage:359 - Loaded plugin updater (category:base,tabindex:12)
2023-12-07 07:26:48,740 [INFO] PluginManage:283 - PluginManage : Loaded plugins [15]
2023-12-07 07:26:49,198 [INFO] PinOutPanel:1499 - setPackage(No Configuration,No Configuration)
2023-12-07 07:26:49,306 [INFO] CADModel:165 - CPN selected for project level
2023-12-07 07:26:49,306 [INFO] CADModel:114 - Register for checkConnection events
2023-12-07 07:26:49,353 [INFO] IPUIPlugin:80 - create IPUIPlugin
2023-12-07 07:26:49,353 [INFO] PluginManager:220 - loadIPPluginJar : add adc
2023-12-07 07:26:49,400 [INFO] IPUIPlugin:80 - create IPUIPlugin
2023-12-07 07:26:49,400 [INFO] PluginManager:220 - loadIPPluginJar : add aes
2023-12-07 07:26:49,471 [INFO] IPUIPlugin:80 - create IPUIPlugin
2023-12-07 07:26:49,471 [INFO] PluginManager:220 - loadIPPluginJar : add can
2023-12-07 07:26:49,503 [INFO] IPUIPlugin:80 - create IPUIPlugin
2023-12-07 07:26:49,503 [INFO] PluginManager:220 - loadIPPluginJar : add comp
2023-12-07 07:26:49,559 [INFO] IPUIPlugin:80 - create IPUIPlugin
2023-12-07 07:26:49,559 [INFO] PluginManager:220 - loadIPPluginJar : add cryp
2023-12-07 07:26:49,607 [INFO] IPUIPlugin:80 - create IPUIPlugin
2023-12-07 07:26:49,607 [INFO] PluginManager:220 - loadIPPluginJar : add dfsdm
2023-12-07 07:26:49,631 [INFO] IPUIPlugin:80 - create IPUIPlugin
2023-12-07 07:26:49,631 [INFO] PluginManager:220 - loadIPPluginJar : add dma
2023-12-07 07:26:49,694 [INFO] IPUIPlugin:80 - create IPUIPlugin
2023-12-07 07:26:49,694 [INFO] PluginManager:220 - loadIPPluginJar : add dma3
2023-12-07 07:26:49,725 [INFO] IPUIPlugin:80 - create IPUIPlugin
2023-12-07 07:26:49,725 [INFO] PluginManager:220 - loadIPPluginJar : add fatfs
2023-12-07 07:26:49,813 [INFO] IPUIPlugin:80 - create IPUIPlugin
2023-12-07 07:26:49,813 [INFO] PluginManager:220 - loadIPPluginJar : add fmc
2023-12-07 07:26:49,837 [INFO] IPUIPlugin:80 - create IPUIPlugin
2023-12-07 07:26:49,837 [INFO] PluginManager:220 - loadIPPluginJar : add freertos
2023-12-07 07:26:49,868 [INFO] IPUIPlugin:80 - create IPUIPlugin
2023-12-07 07:26:49,868 [INFO] PluginManager:220 - loadIPPluginJar : add genericplugin
2023-12-07 07:26:50,037 [INFO] IPUIPlugin:80 - create IPUIPlugin
2023-12-07 07:26:50,037 [INFO] PluginManager:220 - loadIPPluginJar : add gfxmmu
2023-12-07 07:26:50,226 [INFO] IPUIPlugin:80 - create IPUIPlugin
2023-12-07 07:26:50,226 [INFO] PluginManager:220 - loadIPPluginJar : add gic
2023-12-07 07:26:50,242 [INFO] IPUIPlugin:80 - create IPUIPlugin
2023-12-07 07:26:50,242 [INFO] PluginManager:220 - loadIPPluginJar : add gpio
2023-12-07 07:26:50,400 [INFO] IPUIPlugin:80 - create IPUIPlugin
2023-12-07 07:26:50,400 [INFO] PluginManager:220 - loadIPPluginJar : add gtzc
2023-12-07 07:26:50,463 [INFO] IPUIPlugin:80 - create IPUIPlugin
2023-12-07 07:26:50,463 [INFO] PluginManager:220 - loadIPPluginJar : add hash
2023-12-07 07:26:50,558 [INFO] IPUIPlugin:80 - create IPUIPlugin
2023-12-07 07:26:50,558 [INFO] PluginManager:220 - loadIPPluginJar : add i2c
2023-12-07 07:26:50,652 [INFO] IPUIPlugin:80 - create IPUIPlugin
2023-12-07 07:26:50,652 [INFO] PluginManager:220 - loadIPPluginJar : add i2s
2023-12-07 07:26:50,746 [INFO] IPUIPlugin:80 - create IPUIPlugin
2023-12-07 07:26:50,746 [INFO] PluginManager:220 - loadIPPluginJar : add i3c
2023-12-07 07:26:50,982 [INFO] IPUIPlugin:80 - create IPUIPlugin
2023-12-07 07:26:50,982 [INFO] PluginManager:220 - loadIPPluginJar : add ipddr
2023-12-07 07:26:51,148 [INFO] IPUIPlugin:80 - create IPUIPlugin
2023-12-07 07:26:51,148 [INFO] PluginManager:220 - loadIPPluginJar : add linkedlist
2023-12-07 07:26:51,195 [INFO] IPUIPlugin:80 - create IPUIPlugin
2023-12-07 07:26:51,195 [INFO] PluginManager:220 - loadIPPluginJar : add lorawan
2023-12-07 07:26:51,273 [INFO] ThirdPartyUpdaterWithRetryManager:70 - Updater plugin not ready yet. [2/15]
2023-12-07 07:26:51,273 [INFO] IPUIPlugin:80 - create IPUIPlugin
2023-12-07 07:26:51,273 [INFO] PluginManager:220 - loadIPPluginJar : add ltdc
2023-12-07 07:26:51,305 [INFO] IPUIPlugin:80 - create IPUIPlugin
2023-12-07 07:26:51,305 [INFO] PluginManager:220 - loadIPPluginJar : add mdma
2023-12-07 07:26:51,336 [INFO] IPUIPlugin:80 - create IPUIPlugin
2023-12-07 07:26:51,336 [INFO] PluginManager:220 - loadIPPluginJar : add nvic
2023-12-07 07:26:51,399 [INFO] IPUIPlugin:80 - create IPUIPlugin
2023-12-07 07:26:51,399 [INFO] PluginManager:220 - loadIPPluginJar : add opamp
2023-12-07 07:26:51,524 [INFO] IPUIPlugin:80 - create IPUIPlugin
2023-12-07 07:26:51,524 [INFO] PluginManager:220 - loadIPPluginJar : add openamp
2023-12-07 07:26:51,623 [INFO] IPUIPlugin:80 - create IPUIPlugin
2023-12-07 07:26:51,623 [INFO] PluginManager:220 - loadIPPluginJar : add pdm2pcm
2023-12-07 07:26:51,636 [INFO] IPUIPlugin:80 - create IPUIPlugin
2023-12-07 07:26:51,655 [INFO] PluginManager:220 - loadIPPluginJar : add plateformsettings
2023-12-07 07:26:51,684 [INFO] IPUIPlugin:80 - create IPUIPlugin
2023-12-07 07:26:51,684 [INFO] PluginManager:220 - loadIPPluginJar : add quadspi
2023-12-07 07:26:51,703 [INFO] IPUIPlugin:80 - create IPUIPlugin
2023-12-07 07:26:51,703 [INFO] PluginManager:220 - loadIPPluginJar : add resmgrutility
2023-12-07 07:26:51,779 [INFO] IPUIPlugin:80 - create IPUIPlugin
2023-12-07 07:26:51,779 [INFO] PluginManager:220 - loadIPPluginJar : add sai
2023-12-07 07:26:51,828 [INFO] IPUIPlugin:80 - create IPUIPlugin
2023-12-07 07:26:51,828 [INFO] PluginManager:220 - loadIPPluginJar : add spi
2023-12-07 07:26:51,928 [INFO] IPUIPlugin:80 - create IPUIPlugin
2023-12-07 07:26:51,928 [INFO] PluginManager:220 - loadIPPluginJar : add stm32_wpan
2023-12-07 07:26:51,995 [INFO] IPUIPlugin:80 - create IPUIPlugin
2023-12-07 07:26:51,995 [INFO] PluginManager:220 - loadIPPluginJar : add tim
2023-12-07 07:26:52,106 [INFO] IPUIPlugin:80 - create IPUIPlugin
2023-12-07 07:26:52,106 [INFO] PluginManager:220 - loadIPPluginJar : add touchsensing
2023-12-07 07:26:52,137 [INFO] IPUIPlugin:80 - create IPUIPlugin
2023-12-07 07:26:52,137 [INFO] PluginManager:220 - loadIPPluginJar : add tracer_emb
2023-12-07 07:26:52,184 [INFO] IPUIPlugin:80 - create IPUIPlugin
2023-12-07 07:26:52,184 [INFO] PluginManager:220 - loadIPPluginJar : add ts
2023-12-07 07:26:52,214 [INFO] IPUIPlugin:80 - create IPUIPlugin
2023-12-07 07:26:52,214 [INFO] PluginManager:220 - loadIPPluginJar : add tsc
2023-12-07 07:26:52,258 [INFO] IPUIPlugin:80 - create IPUIPlugin
2023-12-07 07:26:52,258 [INFO] PluginManager:220 - loadIPPluginJar : add ucpd
2023-12-07 07:26:52,321 [INFO] IPUIPlugin:80 - create IPUIPlugin
2023-12-07 07:26:52,321 [INFO] PluginManager:220 - loadIPPluginJar : add usart
2023-12-07 07:26:52,415 [INFO] IPUIPlugin:80 - create IPUIPlugin
2023-12-07 07:26:52,415 [INFO] PluginManager:220 - loadIPPluginJar : add usbx
2023-12-07 07:26:52,637 [INFO] CADModel:165 - CPN selected for project level
2023-12-07 07:26:52,639 [INFO] CADModel:114 - Register for checkConnection events
2023-12-07 07:26:52,639 [FATAL] Updater:308 - Updater called before beeing initialized
2023-12-07 07:26:52,640 [ERROR] CADModel:125 - Updater not yet initialized, retry later 
2023-12-07 07:26:52,949 [INFO] CADModel:165 - CPN selected for project level
2023-12-07 07:26:52,949 [INFO] CADModel:114 - Register for checkConnection events
2023-12-07 07:26:52,949 [FATAL] Updater:308 - Updater called before beeing initialized
2023-12-07 07:26:52,954 [ERROR] CADModel:125 - Updater not yet initialized, retry later 
2023-12-07 07:26:52,959 [FATAL] Updater:308 - Updater called before beeing initialized
2023-12-07 07:26:53,164 [FATAL] Updater:308 - Updater called before beeing initialized
2023-12-07 07:26:53,174 [INFO] DbMcusAds:53 - JSON generation date=Wed Nov 29 17:52:38 ICT 2023 (1701255158764)
2023-12-07 07:26:53,174 [FATAL] Updater:308 - Updater called before beeing initialized
2023-12-07 07:26:53,300 [WARN] DetailPanel:346 - Failed to get advertising image, set to default
2023-12-07 07:26:53,497 [FATAL] Updater:308 - Updater called before beeing initialized
2023-12-07 07:26:53,497 [FATAL] Updater:308 - Updater called before beeing initialized
2023-12-07 07:26:53,497 [FATAL] Updater:308 - Updater called before beeing initialized
2023-12-07 07:26:53,497 [WARN] DetailPanel:346 - Failed to get advertising image, set to default
2023-12-07 07:26:53,509 [FATAL] Updater:308 - Updater called before beeing initialized
2023-12-07 07:26:53,619 [ERROR] Updater:1120 - MainUpdater not yet initialized. External WinMGr cannot be set.
2023-12-07 07:26:53,634 [INFO] Updater:1056 - Updater Version found : 6.8.0
2023-12-07 07:26:53,666 [INFO] ApplicationProperties:184 - Using Application install path: C:\ST\STM32CubeIDE_1.12.0\STM32CubeIDE\plugins\com.st.stm32cube.common.mx_6.8.0.202302231600
2023-12-07 07:26:53,873 [INFO] MainUpdater:519 - Copy updater definitions from MX database
2023-12-07 07:26:54,283 [INFO] ThirdPartyUpdaterWithRetryManager:70 - Updater plugin not ready yet. [3/15]
2023-12-07 07:26:55,315 [INFO] MainUpdater:2854 - connection check result : 10
2023-12-07 07:26:55,315 [INFO] MainUpdater:3548 - Updater definition file requires update
2023-12-07 07:26:55,315 [INFO] MainUpdater:283 - Updater Check For Update Now.
2023-12-07 07:26:55,315 [INFO] MicroXplorer:498 - Change Database Version : DB.6.0.80
2023-12-07 07:26:56,204 [INFO] ServerAccessManage:473 - Download File updaters.zip
2023-12-07 07:26:57,294 [WARN] MainUpdater:1187 - Updater busy. Cannot search thirdparties
2023-12-07 07:26:57,294 [INFO] ThirdPartyUpdaterWithRetryManager:96 - Updater plugin is busy. [1/15]
2023-12-07 07:27:00,301 [WARN] MainUpdater:1187 - Updater busy. Cannot search thirdparties
2023-12-07 07:27:00,301 [INFO] ThirdPartyUpdaterWithRetryManager:96 - Updater plugin is busy. [2/15]
2023-12-07 07:27:01,986 [INFO] FileExtend:240 - Unzip File : updaters.zip
2023-12-07 07:27:01,986 [INFO] FileExtend:255 - Standard Zip Deflate
2023-12-07 07:27:03,316 [WARN] MainUpdater:1187 - Updater busy. Cannot search thirdparties
2023-12-07 07:27:03,316 [INFO] ThirdPartyUpdaterWithRetryManager:96 - Updater plugin is busy. [3/15]
2023-12-07 07:27:03,492 [INFO] ServerAccessManage:473 - Download File PacksControlFlags.xml
2023-12-07 07:27:04,015 [INFO] ServerAccessManage:473 - Download File cubemx.pidx
2023-12-07 07:27:05,469 [INFO] ServerAccessManage:473 - Download File STMicroelectronics.X-CUBE-ISPU.pdsc
2023-12-07 07:27:06,321 [WARN] MainUpdater:1187 - Updater busy. Cannot search thirdparties
2023-12-07 07:27:06,321 [INFO] ThirdPartyUpdaterWithRetryManager:96 - Updater plugin is busy. [4/15]
2023-12-07 07:27:09,327 [WARN] MainUpdater:1187 - Updater busy. Cannot search thirdparties
2023-12-07 07:27:09,327 [INFO] ThirdPartyUpdaterWithRetryManager:96 - Updater plugin is busy. [5/15]
2023-12-07 07:27:09,469 [INFO] ServerAccessManage:473 - Download File STMicroelectronics.X-CUBE-AZRTOS-H7.pdsc
2023-12-07 07:27:12,329 [WARN] MainUpdater:1187 - Updater busy. Cannot search thirdparties
2023-12-07 07:27:12,329 [INFO] ThirdPartyUpdaterWithRetryManager:96 - Updater plugin is busy. [6/15]
2023-12-07 07:27:14,568 [WARN] PackLoader:240 - Cannot read IP mode file for STMicroelectronics.X-CUBE-ISPU.2.0.0
2023-12-07 07:27:14,635 [WARN] PackLoader:240 - Cannot read IP mode file for STMicroelectronics.X-CUBE-AZRTOS-H7.3.2.0
2023-12-07 07:27:14,649 [INFO] PopulateThirdPartyThread:66 - Ending populate Thread
2023-12-07 07:27:14,657 [INFO] ThirdParty:1030 - CMSIS Pack Vendor :STMicroelectronics X-CUBE-AZRTOS-H7 3.2.0
2023-12-07 07:27:14,657 [INFO] ThirdParty:1030 - CMSIS Pack Vendor :STMicroelectronics X-CUBE-ISPU 2.0.0
2023-12-07 07:27:14,657 [INFO] LoadServerUpdatesThread:373 - End of LoadServerUpdate Thread
2023-12-07 07:27:14,718 [INFO] CheckServerUpdateThread:120 - End of CheckServer Thread
2023-12-07 07:27:14,907 [INFO] MainUpdater:2854 - connection check result : 10
2023-12-07 07:27:14,922 [INFO] MainUpdater:2854 - connection check result : 10
2023-12-07 07:27:15,261 [INFO] MicroXplorer:468 - Change Database Path : 
2023-12-07 07:27:15,261 [INFO] MicroXplorer:498 - Change Database Version : DB.6.0.80
2023-12-07 07:27:15,261 [WARN] ThirdParty:871 - waiting for thirdparty lock release [close project]
2023-12-07 07:27:15,705 [WARN] PackLoader:240 - Cannot read IP mode file for STMicroelectronics.X-CUBE-SMBUS.2.1.0
2023-12-07 07:27:15,753 [WARN] PackLoader:240 - Cannot read IP mode file for STMicroelectronics.X-CUBE-AZRTOS-F7.1.1.0
2023-12-07 07:27:15,769 [ERROR] RealEvaluatedCondition:428 - Found unsupported composite condition: CLASS='Data Exchange' GROUP='STM32_MetaDataManager'
2023-12-07 07:27:15,769 [ERROR] RealEvaluatedCondition:428 - Found unsupported composite condition: GROUP='STM32_MetaDataManager' CLASS='Data Exchange'
2023-12-07 07:27:15,769 [WARN] PackLoader:240 - Cannot read IP mode file for STMicroelectronics.FP-SNS-MOTENV1.4.3.0
2023-12-07 07:27:15,804 [WARN] PackLoader:240 - Cannot read IP mode file for STMicroelectronics.FP-SNS-MOTENV1.4.3.2
2023-12-07 07:27:15,828 [WARN] PackLoader:240 - Cannot read IP mode file for STMicroelectronics.FP-SNS-FLIGHT1.5.0.0
2023-12-07 07:27:15,848 [ERROR] RealEvaluatedCondition:428 - Found unsupported composite condition: CLASS='Data Exchange' GROUP='STM32_MetaDataManager'
2023-12-07 07:27:15,848 [ERROR] RealEvaluatedCondition:428 - Found unsupported composite condition: CLASS='Data Exchange' GROUP='STM32_MetaDataManager'
2023-12-07 07:27:15,851 [WARN] PackLoader:240 - Cannot read IP mode file for STMicroelectronics.FP-SNS-MOTENV1.4.3.1
2023-12-07 07:27:15,875 [WARN] PackLoader:240 - Cannot read IP mode file for STMicroelectronics.FP-SNS-FLIGHT1.5.0.1
2023-12-07 07:27:15,902 [WARN] PackLoader:240 - Cannot read IP mode file for STMicroelectronics.X-CUBE-BLE1.6.2.4
2023-12-07 07:27:15,912 [WARN] PackLoader:240 - Cannot read IP mode file for STMicroelectronics.FP-SNS-FLIGHT1.5.0.2
2023-12-07 07:27:15,938 [WARN] PackLoader:240 - Cannot read IP mode file for STMicroelectronics.X-CUBE-DISPLAY.3.0.0
2023-12-07 07:27:15,963 [WARN] PackLoader:240 - Cannot read IP mode file for STMicroelectronics.X-CUBE-BLE1.7.0.0
2023-12-07 07:27:15,990 [WARN] PackLoader:240 - Cannot read IP mode file for STMicroelectronics.X-CUBE-TOUCHGFX.4.22.0
2023-12-07 07:27:16,006 [WARN] PackLoader:240 - Cannot read IP mode file for STMicroelectronics.X-CUBE-TOUCHGFX.4.22.1
2023-12-07 07:27:16,022 [WARN] PackLoader:240 - Cannot read IP mode file for STMicroelectronics.FP-SNS-SMARTAG2.1.2.0
2023-12-07 07:27:16,054 [INFO] LogOutputStream:77 - [STDOUT_REDIRECT] 1 : Invalid condition id : UX_CORESTACK_Condition cause : null
2023-12-07 07:27:16,054 [INFO] LogOutputStream:77 - [STDOUT_REDIRECT] 1 : Invalid condition id : UX_CORESTACK_Condition cause : null
2023-12-07 07:27:16,054 [INFO] LogOutputStream:77 - [STDOUT_REDIRECT] 1 : Invalid condition id : UX_CORESTACK_Condition cause : null
2023-12-07 07:27:16,061 [INFO] LogOutputStream:77 - [STDOUT_REDIRECT] 1 : Invalid condition id : UX_CORESTACK_Condition cause : null
2023-12-07 07:27:16,061 [INFO] LogOutputStream:77 - [STDOUT_REDIRECT] 1 : Invalid condition id : UX_CORESTACK_Condition cause : null
2023-12-07 07:27:16,072 [WARN] PackLoader:240 - Cannot read IP mode file for STMicroelectronics.X-CUBE-AZRTOS-WL.2.0.0
2023-12-07 07:27:16,102 [WARN] PackLoader:240 - Cannot read IP mode file for WES.I-CUBE-Cesium.1.3.0
2023-12-07 07:27:16,123 [WARN] PackLoader:240 - Cannot read IP mode file for STMicroelectronics.X-CUBE-BLE2.3.3.0
2023-12-07 07:27:16,149 [WARN] PackLoader:240 - Cannot read IP mode file for STMicroelectronics.X-CUBE-DISPLAY.2.2.0
2023-12-07 07:27:16,187 [WARN] PackLoader:240 - Cannot read IP mode file for STMicroelectronics.X-CUBE-TOF1.3.2.0
2023-12-07 07:27:16,259 [WARN] PackLoader:240 - Cannot read IP mode file for STMicroelectronics.X-CUBE-AZRTOS-H7.2.1.0
2023-12-07 07:27:16,277 [WARN] PackLoader:240 - Cannot read IP mode file for STMicroelectronics.X-CUBE-TOUCHGFX.4.21.1
2023-12-07 07:27:16,304 [WARN] PackLoader:240 - Cannot read IP mode file for STMicroelectronics.X-CUBE-TOUCHGFX.4.21.0
2023-12-07 07:27:16,318 [WARN] PackLoader:240 - Cannot read IP mode file for STMicroelectronics.X-CUBE-TOUCHGFX.4.21.3
2023-12-07 07:27:16,340 [WARN] PackLoader:240 - Cannot read IP mode file for STMicroelectronics.X-CUBE-TOUCHGFX.4.21.4
2023-12-07 07:27:16,492 [WARN] PackLoader:240 - Cannot read IP mode file for STMicroelectronics.X-CUBE-MEMS1.9.4.0
2023-12-07 07:27:16,718 [WARN] PackLoader:240 - Cannot read IP mode file for STMicroelectronics.X-CUBE-AI.7.3.0
2023-12-07 07:27:16,739 [WARN] PackLoader:240 - Cannot read IP mode file for STMicroelectronics.X-CUBE-ALGOBUILD.1.3.0
2023-12-07 07:27:16,773 [WARN] PackLoader:240 - Cannot read IP mode file for STMicroelectronics.X-CUBE-AZRTOS-G0.1.1.0
2023-12-07 07:27:16,798 [WARN] PackLoader:240 - Cannot read IP mode file for STMicroelectronics.X-CUBE-NFC4.3.0.0
2023-12-07 07:27:16,871 [WARN] PackLoader:240 - Cannot read IP mode file for SEGGER.I-CUBE-embOS.1.2.1
2023-12-07 07:27:16,977 [WARN] PackLoader:240 - Cannot read IP mode file for STMicroelectronics.X-CUBE-BLEMGR.3.0.0
2023-12-07 07:27:17,008 [WARN] PackLoader:240 - Cannot read IP mode file for STMicroelectronics.X-CUBE-BLEMGR.1.3.0
2023-12-07 07:27:17,024 [WARN] PackLoader:240 - Cannot read IP mode file for STMicroelectronics.FP-ATR-SIGFOX1.3.2.0
2023-12-07 07:27:17,042 [WARN] PackLoader:240 - Cannot read IP mode file for STMicroelectronics.X-CUBE-TOUCHGFX.4.20.0
2023-12-07 07:27:17,142 [WARN] PackLoader:240 - Cannot read IP mode file for STMicroelectronics.X-CUBE-MEMS1.9.5.0
2023-12-07 07:27:17,398 [WARN] PackLoader:240 - Cannot read IP mode file for SEGGER.I-CUBE-embOS.1.3.1
2023-12-07 07:27:17,454 [WARN] PackLoader:240 - Cannot read IP mode file for STMicroelectronics.X-CUBE-GNSS1.6.0.0
2023-12-07 07:27:17,507 [WARN] PackLoader:240 - Cannot read IP mode file for STMicroelectronics.X-CUBE-AZRTOS-F4.1.1.0
2023-12-07 07:27:17,556 [WARN] PackLoader:240 - Cannot read IP mode file for STMicroelectronics.X-CUBE-AZRTOS-L5.2.0.0
2023-12-07 07:27:17,652 [WARN] PackLoader:240 - Cannot read IP mode file for STMicroelectronics.X-CUBE-MEMS1.9.6.0
2023-12-07 07:27:17,827 [WARN] PackLoader:240 - Cannot read IP mode file for STMicroelectronics.X-CUBE-EEPRMA1.4.2.0
2023-12-07 07:27:17,843 [WARN] PackLoader:240 - Cannot read IP mode file for ITTIA_DB.I-CUBE-ITTIADB.8.8.0
2023-12-07 07:27:17,866 [WARN] PackLoader:240 - Cannot read IP mode file for emotas.I-CUBE-CANOPEN.1.1.3
2023-12-07 07:27:17,893 [WARN] PackLoader:240 - Cannot read IP mode file for STMicroelectronics.X-CUBE-BLEMGR.2.0.0
2023-12-07 07:27:17,917 [WARN] PackLoader:240 - Cannot read IP mode file for STMicroelectronics.X-CUBE-NFC4.2.0.5
2023-12-07 07:27:17,966 [WARN] ConditionMgr:438 - getConditionDescription Invalid condition id : UX DEVICE CLASS RTOS Condition cause : null
2023-12-07 07:27:17,967 [WARN] ConditionMgr:438 - getConditionDescription Invalid condition id : UX DEVICE CLASS RTOS Condition cause : null
2023-12-07 07:27:17,974 [WARN] PackLoader:240 - Cannot read IP mode file for STMicroelectronics.X-CUBE-AZRTOS-H7.3.1.0
2023-12-07 07:27:17,975 [WARN] ConditionMgr:1039 - genDependencies : Invalid condition id : UX DEVICE CLASS RTOS Condition cause : null
2023-12-07 07:27:17,975 [WARN] ConditionMgr:1039 - genDependencies : Invalid condition id : UX DEVICE CLASS RTOS Condition cause : null
2023-12-07 07:27:17,975 [WARN] ConditionMgr:1039 - genDependencies : Invalid condition id : UX DEVICE CLASS RTOS Condition cause : null
2023-12-07 07:27:17,975 [WARN] ConditionMgr:1039 - genDependencies : Invalid condition id : UX DEVICE CLASS RTOS Condition cause : null
2023-12-07 07:27:17,975 [WARN] ConditionMgr:1039 - genDependencies : Invalid condition id : UX DEVICE CLASS RTOS Condition cause : null
2023-12-07 07:27:18,006 [WARN] PackLoader:240 - Cannot read IP mode file for wolfSSL.I-CUBE-wolfSSL.5.5.3
2023-12-07 07:27:18,028 [WARN] PackLoader:240 - Cannot read IP mode file for STMicroelectronics.X-CUBE-NFC7.1.0.1
2023-12-07 07:27:18,046 [WARN] PackLoader:240 - Cannot read IP mode file for STMicroelectronics.X-CUBE-NFC7.1.0.0
2023-12-07 07:27:18,067 [WARN] PackLoader:240 - Cannot read IP mode file for STMicroelectronics.X-CUBE-NFC6.3.0.0
2023-12-07 07:27:18,090 [WARN] PackLoader:240 - Cannot read IP mode file for STMicroelectronics.X-CUBE-EEPRMA1.4.1.0
2023-12-07 07:27:18,104 [WARN] PackLoader:240 - Cannot read IP mode file for STMicroelectronics.X-CUBE-AI.8.1.0
2023-12-07 07:27:18,158 [WARN] ConditionMgr:438 - getConditionDescription Invalid condition id : LAN8742 Phy interface Condition cause : null
2023-12-07 07:27:18,161 [WARN] PackLoader:240 - Cannot read IP mode file for STMicroelectronics.X-CUBE-AZRTOS-L4.2.0.0
2023-12-07 07:27:18,162 [WARN] ConditionMgr:1039 - genDependencies : Invalid condition id : LAN8742 Phy interface Condition cause : null
2023-12-07 07:27:18,162 [WARN] ConditionMgr:1039 - genDependencies : Invalid condition id : LAN8742 Phy interface Condition cause : null
2023-12-07 07:27:18,162 [WARN] ConditionMgr:1039 - genDependencies : Invalid condition id : LAN8742 Phy interface Condition cause : null
2023-12-07 07:27:18,179 [WARN] PackLoader:240 - Cannot read IP mode file for STMicroelectronics.X-CUBE-SFXS2LP1.4.0.0
2023-12-07 07:27:18,222 [WARN] PackLoader:240 - Cannot read IP mode file for STMicroelectronics.X-CUBE-AZRTOS-H7.3.0.0
2023-12-07 07:27:18,242 [WARN] PackLoader:240 - Cannot read IP mode file for STMicroelectronics.X-CUBE-ISPU.1.1.0
2023-12-07 07:27:18,256 [WARN] PackLoader:240 - Cannot read IP mode file for RoweBots.I-CUBE-UNISONRTOS.5.5.0-4
2023-12-07 07:27:18,281 [WARN] PackLoader:240 - Cannot read IP mode file for STMicroelectronics.X-CUBE-AI.8.0.0
2023-12-07 07:27:18,308 [WARN] ConditionMgr:438 - getConditionDescription Invalid condition id : UX DEVICE CLASS RTOS Condition cause : null
2023-12-07 07:27:18,308 [WARN] ConditionMgr:438 - getConditionDescription Invalid condition id : UX DEVICE CLASS RTOS Condition cause : null
2023-12-07 07:27:18,310 [WARN] PackLoader:240 - Cannot read IP mode file for STMicroelectronics.X-CUBE-AZRTOS-WB.2.0.0
2023-12-07 07:27:18,310 [WARN] ConditionMgr:1039 - genDependencies : Invalid condition id : UX DEVICE CLASS RTOS Condition cause : null
2023-12-07 07:27:18,312 [WARN] ConditionMgr:1039 - genDependencies : Invalid condition id : UX DEVICE CLASS RTOS Condition cause : null
2023-12-07 07:27:18,312 [WARN] ConditionMgr:1039 - genDependencies : Invalid condition id : UX DEVICE CLASS RTOS Condition cause : null
2023-12-07 07:27:18,312 [WARN] ConditionMgr:1039 - genDependencies : Invalid condition id : UX DEVICE CLASS RTOS Condition cause : null
2023-12-07 07:27:18,312 [WARN] ConditionMgr:1039 - genDependencies : Invalid condition id : UX DEVICE CLASS RTOS Condition cause : null
2023-12-07 07:27:18,329 [WARN] PackLoader:240 - Cannot read IP mode file for STMicroelectronics.X-CUBE-FREERTOS.1.0.0
2023-12-07 07:27:18,339 [WARN] PackLoader:240 - Cannot read IP mode file for STMicroelectronics.X-CUBE-FREERTOS.1.0.1
2023-12-07 07:27:18,383 [WARN] PackLoader:240 - Cannot read IP mode file for STMicroelectronics.X-CUBE-AZRTOS-L5.1.1.0
2023-12-07 07:27:18,399 [WARN] PackLoader:240 - Cannot read IP mode file for STMicroelectronics.X-CUBE-AI.8.0.1
2023-12-07 07:27:18,436 [WARN] PackLoader:240 - Cannot read IP mode file for STMicroelectronics.X-CUBE-SUBG2.5.0.0
2023-12-07 07:27:18,467 [WARN] PackLoader:240 - Cannot read IP mode file for STMicroelectronics.X-CUBE-TOF1.3.3.1
2023-12-07 07:27:18,525 [WARN] PackLoader:240 - Cannot read IP mode file for STMicroelectronics.X-CUBE-AZRTOS-G4.2.0.0
2023-12-07 07:27:18,557 [WARN] PackLoader:240 - Cannot read IP mode file for STMicroelectronics.X-CUBE-TOF1.3.3.0
2023-12-07 07:27:18,589 [WARN] PackLoader:240 - Cannot read IP mode file for STMicroelectronics.FP-ATR-ASTRA1.1.1.1
2023-12-07 07:27:18,622 [WARN] PackLoader:240 - Cannot read IP mode file for Infineon.AIROC-Wi-Fi-Bluetooth-STM32.1.5.1
2023-12-07 07:27:18,622 [WARN] PackLoader:240 - Cannot read IP mode file for STMicroelectronics.FP-SNS-MOTENVWB1.1.3.1
2023-12-07 07:27:18,669 [WARN] PackLoader:240 - Cannot read IP mode file for STMicroelectronics.X-CUBE-AZRTOS-G4.1.0.0
2023-12-07 07:27:18,715 [WARN] PackLoader:240 - Cannot read IP mode file for STMicroelectronics.X-CUBE-AZRTOS-L4.1.0.0
2023-12-07 07:27:18,719 [WARN] PackLoader:240 - Cannot read IP mode file for STMicroelectronics.X-CUBE-ISPU.2.0.0
2023-12-07 07:27:18,795 [WARN] PackLoader:240 - Cannot read IP mode file for STMicroelectronics.X-CUBE-MEMS1.10.0.0
2023-12-07 07:27:18,964 [WARN] PackLoader:240 - Cannot read IP mode file for STMicroelectronics.X-CUBE-FREERTOS.1.1.0
2023-12-07 07:27:18,994 [WARN] PackLoader:240 - Cannot read IP mode file for STMicroelectronics.X-CUBE-AZRTOS-WL.1.0.0
2023-12-07 07:27:19,004 [WARN] PackLoader:240 - Cannot read IP mode file for portGmbH.I-Cube-SoM-uGOAL.1.1.0
2023-12-07 07:27:19,018 [WARN] PackLoader:240 - Cannot read IP mode file for STMicroelectronics.X-CUBE-ALS.1.0.1
2023-12-07 07:27:19,049 [WARN] PackLoader:240 - Cannot read IP mode file for STMicroelectronics.X-CUBE-AZRTOS-WB.1.1.0
2023-12-07 07:27:19,079 [WARN] PackLoader:240 - Cannot read IP mode file for STMicroelectronics.X-CUBE-EEPRMA1.3.1.1
2023-12-07 07:27:19,081 [WARN] PackLoader:240 - Cannot read IP mode file for STMicroelectronics.FP-ATR-ASTRA1.2.0.0
2023-12-07 07:27:19,108 [WARN] PackLoader:240 - Cannot read IP mode file for STMicroelectronics.X-CUBE-TOF1.3.4.0
2023-12-07 07:27:19,138 [WARN] PackLoader:240 - Cannot read IP mode file for STMicroelectronics.X-CUBE-AZRTOS-H7.3.2.0
2023-12-07 07:27:19,144 [INFO] ThirdParty:978 - Integrity check success = true
2023-12-07 07:27:19,144 [INFO] IntegrityCheckThread:100 - exiting critical section [integrity check]
2023-12-07 07:27:19,144 [INFO] IntegrityCheckThread:103 - End integrity checks thread
2023-12-07 07:27:19,144 [INFO] ThirdParty:873 - entering critical section [close project]
2023-12-07 07:27:19,147 [INFO] ThirdParty:883 - exiting critical section [close project]
2023-12-07 07:27:19,154 [INFO] PinOutPanel:1499 - setPackage(No Configuration,No Configuration)
2023-12-07 07:27:19,162 [INFO] UtilMem:75 - Begin LoadConfig() Used Memory: 249117568 Bytes (406847488)
2023-12-07 07:27:24,996 [INFO] ServerAccessManage:473 - Download File stm32cube_db_v6070.zip
2023-12-07 07:34:23,230 [INFO] FileExtend:240 - Unzip File : stm32cube_db_v6070.zip
2023-12-07 07:34:23,230 [INFO] FileExtend:255 - Standard Zip Deflate
2023-12-07 07:34:37,652 [INFO] LoadServerPackagesThread:196 - End of LoadServerPackages Thread
2023-12-07 07:34:37,926 [INFO] CheckServerUpdateThread:120 - End of CheckServer Thread
2023-12-07 07:34:38,079 [INFO] LoadServerPackagesThread:196 - End of LoadServerPackages Thread
2023-12-07 07:34:38,274 [INFO] CheckServerUpdateThread:120 - End of CheckServer Thread
2023-12-07 07:34:38,301 [INFO] MicroXplorer:468 - Change Database Path : C:/Users/PC/.stm32cubemx/databases/DB.6.0.70/db/
2023-12-07 07:34:38,301 [INFO] MicroXplorer:498 - Change Database Version : DB.6.0.70
2023-12-07 07:34:38,301 [INFO] OpenFileManager:308 - Change cursor
2023-12-07 07:34:38,358 [INFO] Mcu:1937 - Initializing MCU STM32F103C(8-B)Tx STM32F103C8Tx STM32F103C8T6
2023-12-07 07:34:39,893 [INFO] Context:659 - Trying to add GPIOservice into a context  which must be forbidden
2023-12-07 07:34:40,642 [INFO] RtosManager:555 - Registered RTOS mode: class=CMSIS, group=RTOS, mode=CMSIS_V1, owner=FREERTOS
2023-12-07 07:34:40,642 [INFO] RtosManager:555 - Registered RTOS mode: class=CMSIS, group=RTOS2, mode=CMSIS_V2, owner=FREERTOS
2023-12-07 07:34:40,642 [INFO] RtosManager:555 - Registered RTOS mode: class=RTOS, group=Core, mode=CMSIS_V1, owner=FREERTOS
2023-12-07 07:34:40,642 [INFO] RtosManager:555 - Registered RTOS mode: class=RTOS, group=Core, mode=CMSIS_V2, owner=FREERTOS
2023-12-07 07:34:40,642 [WARN] ModelIntegratedComponent:184 - Missing modes for component STMicroelectronics:FreeRTOS:0.0.1:STMicroelectronics:RTOS:FreeRTOS:Core:::10.2.0:
2023-12-07 07:34:40,652 [WARN] ModelIntegratedComponent:63 - No mode defined for component null
2023-12-07 07:34:40,652 [WARN] ModelIntegratedComponent:63 - No mode defined for component null
2023-12-07 07:34:40,652 [WARN] ModelIntegratedComponent:63 - No mode defined for component null
2023-12-07 07:34:40,652 [WARN] ModelIntegratedComponent:63 - No mode defined for component null
2023-12-07 07:34:40,652 [WARN] ModelIntegratedComponent:63 - No mode defined for component null
2023-12-07 07:34:40,652 [WARN] ModelIntegratedComponent:63 - No mode defined for component null
2023-12-07 07:34:40,652 [WARN] ModelIntegratedComponent:63 - No mode defined for component null
2023-12-07 07:34:40,652 [WARN] ModelIntegratedComponent:63 - No mode defined for component null
2023-12-07 07:34:40,652 [WARN] ModelIntegratedComponent:63 - No mode defined for component null
2023-12-07 07:34:40,652 [WARN] ModelIntegratedComponent:63 - No mode defined for component null
2023-12-07 07:34:40,652 [WARN] ModelIntegratedComponent:63 - No mode defined for component null
2023-12-07 07:34:40,652 [WARN] ModelIntegratedComponent:63 - No mode defined for component null
2023-12-07 07:34:40,652 [WARN] ModelIntegratedComponent:63 - No mode defined for component null
2023-12-07 07:34:40,652 [WARN] ModelIntegratedComponent:63 - No mode defined for component null
2023-12-07 07:34:40,652 [WARN] ModelIntegratedComponent:63 - No mode defined for component null
2023-12-07 07:34:40,652 [WARN] ModelIntegratedComponent:63 - No mode defined for component null
2023-12-07 07:34:40,652 [WARN] ModelIntegratedComponent:63 - No mode defined for component null
2023-12-07 07:34:40,652 [WARN] ModelIntegratedComponent:63 - No mode defined for component null
2023-12-07 07:34:40,652 [WARN] ModelIntegratedComponent:63 - No mode defined for component null
2023-12-07 07:34:40,652 [WARN] ModelIntegratedComponent:63 - No mode defined for component null
2023-12-07 07:34:40,652 [WARN] ModelIntegratedComponent:63 - No mode defined for component null
2023-12-07 07:34:40,652 [WARN] ModelIntegratedComponent:63 - No mode defined for component null
2023-12-07 07:34:40,652 [WARN] ModelIntegratedComponent:63 - No mode defined for component null
2023-12-07 07:34:40,652 [WARN] ModelIntegratedComponent:63 - No mode defined for component null
2023-12-07 07:34:40,652 [WARN] ModelIntegratedComponent:63 - No mode defined for component null
2023-12-07 07:34:40,652 [WARN] ModelIntegratedComponent:63 - No mode defined for component null
2023-12-07 07:34:40,652 [WARN] ModelIntegratedComponent:63 - No mode defined for component null
2023-12-07 07:34:40,652 [WARN] ModelIntegratedComponent:63 - No mode defined for component null
2023-12-07 07:34:40,652 [WARN] ModelIntegratedComponent:63 - No mode defined for component null
2023-12-07 07:34:40,652 [WARN] ModelIntegratedComponent:63 - No mode defined for component null
2023-12-07 07:34:40,659 [WARN] ModelIntegratedComponent:63 - No mode defined for component null
2023-12-07 07:34:40,659 [WARN] ModelIntegratedComponent:63 - No mode defined for component null
2023-12-07 07:34:40,661 [WARN] ModelIntegratedComponent:63 - No mode defined for component null
2023-12-07 07:34:41,002 [INFO] ThirdPartyModel:298 - Start build external matchings
2023-12-07 07:34:43,616 [INFO] ThirdPartyModel:316 - End build external matchings
2023-12-07 07:34:43,719 [INFO] ImportTextPane:194 - (OptionalMessage_ERROR) IP (RCC) : Invalid parameter (FamilyName)
2023-12-07 07:34:44,102 [INFO] UtilMem:75 - End LoadConfig() Used Memory: 697350760 Bytes (1073741824)
2023-12-07 07:34:44,290 [INFO] ApiDb:581 - Connected to CubeFinder SQLite database (C:\Users\PC\.stmcufinder\plugins\mcufinder\mcu\cube-finder-db.db)
2023-12-07 07:34:44,424 [INFO] ApiDb:668 - CubeFinder database Data Model version=2.1
2023-12-07 07:34:44,424 [INFO] ApiDb:669 - CubeFinder database Configuration version=3.0.37
2023-12-07 07:34:44,424 [INFO] ApiDb:670 - CubeFinder database generation date=2023-08-09 (1691586011)
2023-12-07 07:34:44,424 [INFO] ApiDb:671 - CubeFinder database FW Pack versions=[FP-ATR-ASTRA1_V2.0.0, FP-SNS-FLIGHT1_V5.0.1, FP-SNS-FLIGHT1_V5.0.2, FP-SNS-MOTENV1_V4.3.1, FP-SNS-MOTENV1_V4.3.2, STM32Cube_FW_C0_V1.1.0, STM32Cube_FW_F4_V1.27.1, STM32Cube_FW_F7_V1.17.0, STM32Cube_FW_G0_V1.6.1, STM32Cube_FW_G4_V1.5.1, STM32Cube_FW_H5_V0.5.1, STM32Cube_FW_H5_V1.1.0, STM32Cube_FW_H7_V1.11.0, STM32Cube_FW_L0_V1.12.2, STM32Cube_FW_L5_V1.5.0, STM32Cube_FW_U5_V1.3.0, STM32Cube_FW_U5_V1.3.0RC4, STM32Cube_FW_WBA_V1.0.0RC1, STM32Cube_FW_WBA_V1.1.0, STM32Cube_FW_WBA_V1.1.0RC1, STM32Cube_FW_WB_V1.15.0RC1, STM32Cube_FW_WB_V1.16.0, STM32Cube_FW_WB_V1.16.0RC2, STM32Cube_FW_WB_V1.17.0, STM32Cube_FW_WL_V1.3.0, X-CUBE-ALGOBUILD_V1.3.0, X-CUBE-ALS_V1.0.1, X-CUBE-AZRTOS-F4_V1.1.0, X-CUBE-AZRTOS-F7_V1.1.0, X-CUBE-AZRTOS-G0_V1.1.0, X-CUBE-AZRTOS-G4_V2.0.0, X-CUBE-AZRTOS-H7_V3.1.0, X-CUBE-AZRTOS-L4_V1.0.0, X-CUBE-AZRTOS-L4_V2.0.0, X-CUBE-AZRTOS-L5_V1.1.0, X-CUBE-AZRTOS-WB_V1.1.0, X-CUBE-AZRTOS-WL_V2.0.0, X-CUBE-BLE1_V7.0.0, X-CUBE-BLE2_V3.3.0, X-CUBE-BLEMGR_V2.0.0, X-CUBE-EEPRMA1_V4.1.0, X-CUBE-FREERTOS_V1.1.0, X-CUBE-GNSS1_V6.0.0, X-CUBE-MEMS1_V9.1.0, X-CUBE-MEMS1_V9.4.0, X-CUBE-MEMS1_V9.6.0, X-CUBE-NFC4_V3.0.0, X-CUBE-NFC7_V1.0.0, X-CUBE-SFXS2LP1_V4.0.0, X-CUBE-SUBG2_V5.0.0, X-CUBE-TOF1_V3.3.1]
2023-12-07 07:34:49,139 [INFO] ApiDb:240 - Found 297 in-development CPN: [B-G473E-ZEST1S, B-WB1M-WPAN1, B-WL5M-SUBG1, NUCLEO-C031C6, NUCLEO-H503RB, NUCLEO-H563ZI, NUCLEO-U545RE-Q, NUCLEO-U5A5ZJ-Q, NUCLEO-WBA52CG, STEVAL-PROTEUS1, STEVAL-STWINBX1, STM320518-EVAL, STM32C0116-DK, STM32C011D6Y3TR, STM32C011D6Y6TR, STM32C011F4P3, STM32C011F4P6, STM32C011F4U3, STM32C011F4U6TR, STM32C011F6P3, STM32C011F6P6, STM32C011F6U3, STM32C011F6U6TR, STM32C011J4M3, STM32C011J4M6, STM32C011J6M3, STM32C011J6M6, STM32C0316-DK, STM32C031C4T3, STM32C031C4T6, STM32C031C4U3, STM32C031C4U6, STM32C031C6T3, STM32C031C6T6, STM32C031C6U3, STM32C031C6U6, STM32C031F4P3, STM32C031F4P6, STM32C031F6P3, STM32C031F6P6, STM32C031G4U3, STM32C031G4U6, STM32C031G6U3, STM32C031G6U6, STM32C031K4T3, STM32C031K4T6, STM32C031K4U3, STM32C031K4U6, STM32C031K6T3, STM32C031K6T6, STM32C031K6U3, STM32C031K6U6, STM32G071K8TXN, STM32G071K8UXN, STM32G081GBU6N, STM32G081KBT6N, STM32G081KBUXN, STM32G0B1CCT6N, STM32G0B1KCT6, STM32G0B1NEY6TR, STM32G0B1RCT6N, STM32G0C1CCT6, STM32G0C1CCT6N, STM32G0C1CCU6N, STM32G0C1CET6N, STM32G0C1CEU6N, STM32G0C1KCT6, STM32G0C1NEY6TR, STM32G0C1RCI6N, STM32G0C1RCT6N, STM32G0C1REI6N, STM32G0C1RET6N, STM32G0C1VCI6, STM32G0C1VEI6, STM32G471CCT6, STM32G471CCU6, STM32G471CET3, STM32G471CET6, STM32G471CEU3, STM32G471CEU6, STM32G471MCT6, STM32G471MET3, STM32G471MET6, STM32G471MEY6TR, STM32G471QCT6, STM32G471QET3, STM32G471RCT6, STM32G471RET3, STM32G471RET6, STM32G471VCH6, STM32G471VCI6, STM32G471VCT6, STM32G471VEH3, STM32G471VEH6, STM32G471VEI3, STM32G471VEI6, STM32G471VET3, STM32G471VET6, STM32G474CCT6, STM32H503CBT6, STM32H503CBU6, STM32H503EBY6TR, STM32H503KBU6, STM32H503RBT6, STM32H562AGI6, STM32H562AII6, STM32H562IGK6, STM32H562IGT6, STM32H562IIK6, STM32H562IIT6, STM32H562RGT6, STM32H562RGV6, STM32H562RIT6, STM32H562RIV6, STM32H562VGT6, STM32H562VIT6, STM32H562ZGT6, STM32H562ZIT6, STM32H563AGI6, STM32H563AII3Q, STM32H563AII6, STM32H563IGK6, STM32H563IGT6, STM32H563IIK3Q, STM32H563IIK6, STM32H563IIT3Q, STM32H563IIT6, STM32H563MIY3QTR, STM32H563RGT6, STM32H563RGV6, STM32H563RIT6, STM32H563RIV6, STM32H563VGT6, STM32H563VIT3Q, STM32H563VIT6, STM32H563ZGT6, STM32H563ZIT3Q, STM32H563ZIT6, STM32H573AII3Q, STM32H573AII6, STM32H573I-DK, STM32H573IIK3Q, STM32H573IIK6, STM32H573IIT3Q, STM32H573IIT6, STM32H573MIY3QTR, STM32H573RIT6, STM32H573RIV6, STM32H573VIT3Q, STM32H573VIT6, STM32H573ZIT3Q, STM32H573ZIT6, STM32L4R5QGI6STR, STM32MP131AAE3, STM32MP131AAF3, STM32MP131AAG3, STM32MP131CAE3, STM32MP131CAF3, STM32MP131CAG3, STM32MP131DAE7, STM32MP131DAF7, STM32MP131DAG7, STM32MP131FAE7, STM32MP131FAF7, STM32MP131FAG7, STM32MP133AAE3, STM32MP133AAF3, STM32MP133AAG3, STM32MP133CAE3, STM32MP133CAF3, STM32MP133CAG3, STM32MP133DAE7, STM32MP133DAF7, STM32MP133DAG7, STM32MP133FAE7, STM32MP133FAF7, STM32MP133FAG7, STM32MP135AAE3, STM32MP135AAF3, STM32MP135AAG3, STM32MP135CAE3, STM32MP135CAF3, STM32MP135CAG3, STM32MP135DAE7, STM32MP135DAF7, STM32MP135DAG7, STM32MP135F-DK, STM32MP135FAE7, STM32MP135FAF7, STM32MP135FAF7T, STM32MP135FAF7U, STM32MP135FAG7, STM32U535CBT6, STM32U535CBT6Q, STM32U535CBU6, STM32U535CBU6Q, STM32U535CCT6, STM32U535CCT6Q, STM32U535CCU6, STM32U535CCU6Q, STM32U535CET6, STM32U535CET6Q, STM32U535CEU6, STM32U535CEU6Q, STM32U535JEY6QTR, STM32U535NCY6QTR, STM32U535NEY6QTR, STM32U535RBI6, STM32U535RBI6Q, STM32U535RBT6, STM32U535RBT6Q, STM32U535RCI6, STM32U535RCI6Q, STM32U535RCT6, STM32U535RCT6Q, STM32U535REI6, STM32U535REI6Q, STM32U535RET6, STM32U535RET6Q, STM32U535VCI6, STM32U535VCI6Q, STM32U535VCT6, STM32U535VCT6Q, STM32U535VEI6, STM32U535VEI6Q, STM32U535VET6, STM32U535VET6Q, STM32U545CET6, STM32U545CET6Q, STM32U545CEU6, STM32U545CEU6Q, STM32U545JEY6QTR, STM32U545NEY6QTR, STM32U545REI6, STM32U545REI6Q, STM32U545RET6, STM32U545RET6Q, STM32U545VEI6, STM32U545VEI6Q, STM32U545VET6, STM32U545VET6Q, STM32U595AIH6, STM32U595AIH6Q, STM32U595AJH6, STM32U595AJH6Q, STM32U595QII6, STM32U595QII6Q, STM32U595QJI6, STM32U595QJI6Q, STM32U595RIT6, STM32U595RIT6Q, STM32U595RJT6, STM32U595RJT6Q, STM32U595VIT6, STM32U595VIT6Q, STM32U595VJT6, STM32U595VJT6Q, STM32U595ZIT6, STM32U595ZIT6Q, STM32U595ZIY6QTR, STM32U595ZJT6, STM32U595ZJT6Q, STM32U595ZJY6QTR, STM32U599BJY6QTR, STM32U599NIH6Q, STM32U599NJH6Q, STM32U599VIT6Q, STM32U599VJT6, STM32U599VJT6Q, STM32U599ZIT6Q, STM32U599ZIY6QTR, STM32U599ZJT6Q, STM32U599ZJY6QTR, STM32U5A5AJH6, STM32U5A5AJH6Q, STM32U5A5QJI6, STM32U5A5QJI6Q, STM32U5A5RJT6, STM32U5A5RJT6Q, STM32U5A5VJT6, STM32U5A5VJT6Q, STM32U5A5ZJT6, STM32U5A5ZJT6Q, STM32U5A5ZJY6QTR, STM32U5A9BJY6QTR, STM32U5A9J-DK, STM32U5A9NJH6Q, STM32U5A9VJT6Q, STM32U5A9ZJT6Q, STM32U5A9ZJY6QTR, STM32WB1MMCH6, STM32WBA52CEU6, STM32WBA52CEU6T, STM32WBA52CGU6, STM32WBA52CGU6T, STM32WL5MOCH6, STM32WL5MOCH6TR]
2023-12-07 07:34:49,146 [INFO] DbMcus:216 - Found 3825 MCUs, 3825 are supported
2023-12-07 07:34:49,150 [INFO] ApiDb:423 - Load user favorites file C:\Users\PC/.stm32cubeide/favorites.mcus.txt: 0 item(s)
2023-12-07 07:34:49,150 [INFO] ApiDb:427 - User favorites MCUs=[]
2023-12-07 07:34:49,150 [INFO] DbMcus:222 - Set 0 / 0 favorites MCUs
2023-12-07 07:34:49,753 [WARN] ThirdParty:833 - waiting for thirdparty lock release [change project]
2023-12-07 07:34:49,753 [INFO] ThirdParty:835 - entering critical section [change project]
2023-12-07 07:34:49,753 [INFO] ThirdParty:1030 - CMSIS Pack Vendor :STMicroelectronics X-CUBE-GNSS1 6.0.0
2023-12-07 07:34:49,753 [INFO] ThirdParty:1030 - CMSIS Pack Vendor :STMicroelectronics USB_HOST 2.0.0
2023-12-07 07:34:49,753 [INFO] ThirdParty:1030 - CMSIS Pack Vendor :STMicroelectronics X-CUBE-AZRTOS-F4 1.1.0
2023-12-07 07:34:49,753 [INFO] ThirdParty:1030 - CMSIS Pack Vendor :STMicroelectronics LIBJPEG 8.0.0
2023-12-07 07:34:49,753 [INFO] ThirdParty:1030 - CMSIS Pack Vendor :STMicroelectronics X-CUBE-SMBUS 2.1.0
2023-12-07 07:34:49,753 [INFO] ThirdParty:1030 - CMSIS Pack Vendor :STMicroelectronics X-CUBE-AZRTOS-F7 1.1.0
2023-12-07 07:34:49,755 [INFO] ThirdParty:1030 - CMSIS Pack Vendor :STMicroelectronics X-CUBE-AZRTOS-L5 2.0.0
2023-12-07 07:34:49,755 [INFO] ThirdParty:1030 - CMSIS Pack Vendor :STMicroelectronics USB_DEVICE 2.0.0
2023-12-07 07:34:49,755 [INFO] ThirdParty:1030 - CMSIS Pack Vendor :STMicroelectronics X-CUBE-MEMS1 9.6.0
2023-12-07 07:34:49,755 [INFO] ThirdParty:1030 - CMSIS Pack Vendor :STMicroelectronics X-CUBE-EEPRMA1 4.2.0
2023-12-07 07:34:49,755 [INFO] ThirdParty:1030 - CMSIS Pack Vendor :ITTIA_DB I-CUBE-ITTIADB 8.8.0
2023-12-07 07:34:49,755 [INFO] ThirdParty:1030 - CMSIS Pack Vendor :STMicroelectronics FP-SNS-MOTENV1 4.3.0
2023-12-07 07:34:49,755 [INFO] ThirdParty:1030 - CMSIS Pack Vendor :STMicroelectronics FP-SNS-MOTENV1 4.3.2
2023-12-07 07:34:49,755 [INFO] ThirdParty:1030 - CMSIS Pack Vendor :STMicroelectronics FP-SNS-FLIGHT1 5.0.0
2023-12-07 07:34:49,755 [INFO] ThirdParty:1030 - CMSIS Pack Vendor :STMicroelectronics FP-SNS-MOTENV1 4.3.1
2023-12-07 07:34:49,755 [INFO] ThirdParty:1030 - CMSIS Pack Vendor :STMicroelectronics FP-SNS-FLIGHT1 5.0.1
2023-12-07 07:34:49,755 [INFO] ThirdParty:1030 - CMSIS Pack Vendor :STMicroelectronics X-CUBE-BLE1 6.2.4
2023-12-07 07:34:49,755 [INFO] ThirdParty:1030 - CMSIS Pack Vendor :STMicroelectronics FreeRTOS 0.0.1
2023-12-07 07:34:49,755 [INFO] ThirdParty:1030 - CMSIS Pack Vendor :emotas I-CUBE-CANOPEN 1.1.3
2023-12-07 07:34:49,755 [INFO] ThirdParty:1030 - CMSIS Pack Vendor :STMicroelectronics X-CUBE-BLEMGR 2.0.0
2023-12-07 07:34:49,755 [INFO] ThirdParty:1030 - CMSIS Pack Vendor :STMicroelectronics FP-SNS-FLIGHT1 5.0.2
2023-12-07 07:34:49,755 [INFO] ThirdParty:1030 - CMSIS Pack Vendor :STMicroelectronics X-CUBE-NFC4 2.0.5
2023-12-07 07:34:49,755 [INFO] ThirdParty:1030 - CMSIS Pack Vendor :STMicroelectronics X-CUBE-AZRTOS-H7 3.1.0
2023-12-07 07:34:49,755 [INFO] ThirdParty:1030 - CMSIS Pack Vendor :STMicroelectronics PDM2PCM 3.3.0
2023-12-07 07:34:49,755 [INFO] ThirdParty:1030 - CMSIS Pack Vendor :STMicroelectronics X-CUBE-DISPLAY 3.0.0
2023-12-07 07:34:49,755 [INFO] ThirdParty:1030 - CMSIS Pack Vendor :wolfSSL I-CUBE-wolfSSL 5.5.3
2023-12-07 07:34:49,755 [INFO] ThirdParty:1030 - CMSIS Pack Vendor :STMicroelectronics X-CUBE-BLE1 7.0.0
2023-12-07 07:34:49,755 [INFO] ThirdParty:1030 - CMSIS Pack Vendor :STMicroelectronics HAL Drivers 0.0.0
2023-12-07 07:34:49,755 [INFO] ThirdParty:1030 - CMSIS Pack Vendor :STMicroelectronics X-CUBE-TOUCHGFX 4.22.0
2023-12-07 07:34:49,755 [INFO] ThirdParty:1030 - CMSIS Pack Vendor :STMicroelectronics X-CUBE-NFC7 1.0.1
2023-12-07 07:34:49,755 [INFO] ThirdParty:1030 - CMSIS Pack Vendor :STMicroelectronics MBEDTLS 2.14.1
2023-12-07 07:34:49,755 [INFO] ThirdParty:1030 - CMSIS Pack Vendor :STMicroelectronics X-CUBE-NFC7 1.0.0
2023-12-07 07:34:49,755 [INFO] ThirdParty:1030 - CMSIS Pack Vendor :STMicroelectronics X-CUBE-TOUCHGFX 4.22.1
2023-12-07 07:34:49,755 [INFO] ThirdParty:1030 - CMSIS Pack Vendor :STMicroelectronics X-CUBE-NFC6 3.0.0
2023-12-07 07:34:49,755 [INFO] ThirdParty:1030 - CMSIS Pack Vendor :STMicroelectronics X-CUBE-EEPRMA1 4.1.0
2023-12-07 07:34:49,755 [INFO] ThirdParty:1030 - CMSIS Pack Vendor :STMicroelectronics FP-SNS-SMARTAG2 1.2.0
2023-12-07 07:34:49,755 [INFO] ThirdParty:1030 - CMSIS Pack Vendor :STMicroelectronics X-CUBE-AZRTOS-WL 2.0.0
2023-12-07 07:34:49,755 [INFO] ThirdParty:1030 - CMSIS Pack Vendor :STMicroelectronics USB_DEVICE 1.0.0
2023-12-07 07:34:49,755 [INFO] ThirdParty:1030 - CMSIS Pack Vendor :STMicroelectronics X-CUBE-AI 8.1.0
2023-12-07 07:34:49,755 [INFO] ThirdParty:1030 - CMSIS Pack Vendor :STMicroelectronics X-CUBE-AZRTOS-L4 2.0.0
2023-12-07 07:34:49,755 [INFO] ThirdParty:1030 - CMSIS Pack Vendor :STMicroelectronics ThreadX 0.0.2
2023-12-07 07:34:49,755 [INFO] ThirdParty:1030 - CMSIS Pack Vendor :WES I-CUBE-Cesium 1.3.0
2023-12-07 07:34:49,755 [INFO] ThirdParty:1030 - CMSIS Pack Vendor :STMicroelectronics lwIP 2.1.2
2023-12-07 07:34:49,755 [INFO] ThirdParty:1030 - CMSIS Pack Vendor :STMicroelectronics X-CUBE-SFXS2LP1 4.0.0
2023-12-07 07:34:49,755 [INFO] ThirdParty:1030 - CMSIS Pack Vendor :STMicroelectronics X-CUBE-BLE2 3.3.0
2023-12-07 07:34:49,755 [INFO] ThirdParty:1030 - CMSIS Pack Vendor :STMicroelectronics X-CUBE-DISPLAY 2.2.0
2023-12-07 07:34:49,755 [INFO] ThirdParty:1030 - CMSIS Pack Vendor :STMicroelectronics X-CUBE-TOF1 3.2.0
2023-12-07 07:34:49,755 [INFO] ThirdParty:1030 - CMSIS Pack Vendor :STMicroelectronics PDM2PCM 3.2.0
2023-12-07 07:34:49,755 [INFO] ThirdParty:1030 - CMSIS Pack Vendor :STMicroelectronics X-CUBE-AZRTOS-H7 3.0.0
2023-12-07 07:34:49,755 [INFO] ThirdParty:1030 - CMSIS Pack Vendor :STMicroelectronics X-CUBE-ISPU 1.1.0
2023-12-07 07:34:49,755 [INFO] ThirdParty:1030 - CMSIS Pack Vendor :RoweBots I-CUBE-UNISONRTOS 5.5.0-4
2023-12-07 07:34:49,755 [INFO] ThirdParty:1030 - CMSIS Pack Vendor :STMicroelectronics X-CUBE-AZRTOS-H7 2.1.0
2023-12-07 07:34:49,755 [INFO] ThirdParty:1030 - CMSIS Pack Vendor :STMicroelectronics USB_DEVICE 3.0.0
2023-12-07 07:34:49,758 [INFO] ThirdParty:1030 - CMSIS Pack Vendor :STMicroelectronics X-CUBE-AI 8.0.0
2023-12-07 07:34:49,758 [INFO] ThirdParty:1030 - CMSIS Pack Vendor :STMicroelectronics X-CUBE-AZRTOS-WB 2.0.0
2023-12-07 07:34:49,758 [INFO] ThirdParty:1030 - CMSIS Pack Vendor :STMicroelectronics X-CUBE-FREERTOS 1.0.0
2023-12-07 07:34:49,758 [INFO] ThirdParty:1030 - CMSIS Pack Vendor :STMicroelectronics X-CUBE-FREERTOS 1.0.1
2023-12-07 07:34:49,758 [INFO] ThirdParty:1030 - CMSIS Pack Vendor :STMicroelectronics X-CUBE-TOUCHGFX 4.21.1
2023-12-07 07:34:49,758 [INFO] ThirdParty:1030 - CMSIS Pack Vendor :STMicroelectronics X-CUBE-TOUCHGFX 4.21.0
2023-12-07 07:34:49,758 [INFO] ThirdParty:1030 - CMSIS Pack Vendor :STMicroelectronics X-CUBE-TOUCHGFX 4.21.3
2023-12-07 07:34:49,758 [INFO] ThirdParty:1030 - CMSIS Pack Vendor :STMicroelectronics X-CUBE-TOUCHGFX 4.21.4
2023-12-07 07:34:49,758 [INFO] ThirdParty:1030 - CMSIS Pack Vendor :STMicroelectronics X-CUBE-MEMS1 9.4.0
2023-12-07 07:34:49,759 [INFO] ThirdParty:1030 - CMSIS Pack Vendor :STMicroelectronics X-CUBE-AI 7.3.0
2023-12-07 07:34:49,759 [INFO] ThirdParty:1030 - CMSIS Pack Vendor :STMicroelectronics X-CUBE-ALGOBUILD 1.3.0
2023-12-07 07:34:49,759 [INFO] ThirdParty:1030 - CMSIS Pack Vendor :STMicroelectronics X-CUBE-AZRTOS-L5 1.1.0
2023-12-07 07:34:49,759 [INFO] ThirdParty:1030 - CMSIS Pack Vendor :STMicroelectronics X-CUBE-AZRTOS-G0 1.1.0
2023-12-07 07:34:49,760 [INFO] ThirdParty:1030 - CMSIS Pack Vendor :STMicroelectronics X-CUBE-AI 8.0.1
2023-12-07 07:34:49,760 [INFO] ThirdParty:1030 - CMSIS Pack Vendor :STMicroelectronics X-CUBE-NFC4 3.0.0
2023-12-07 07:34:49,760 [INFO] ThirdParty:1030 - CMSIS Pack Vendor :STMicroelectronics X-CUBE-SUBG2 5.0.0
2023-12-07 07:34:49,760 [INFO] ThirdParty:1030 - CMSIS Pack Vendor :STMicroelectronics STM32_WPAN 1.0.0
2023-12-07 07:34:49,760 [INFO] ThirdParty:1030 - CMSIS Pack Vendor :SEGGER I-CUBE-embOS 1.2.1
2023-12-07 07:34:49,760 [INFO] ThirdParty:1030 - CMSIS Pack Vendor :STMicroelectronics lwIP 2.0.3
2023-12-07 07:34:49,760 [INFO] ThirdParty:1030 - CMSIS Pack Vendor :STMicroelectronics USB_HOST 1.0.0
2023-12-07 07:34:49,760 [INFO] ThirdParty:1030 - CMSIS Pack Vendor :STMicroelectronics X-CUBE-TOF1 3.3.1
2023-12-07 07:34:49,760 [INFO] ThirdParty:1030 - CMSIS Pack Vendor :STMicroelectronics X-CUBE-AZRTOS-G4 2.0.0
2023-12-07 07:34:49,760 [INFO] ThirdParty:1030 - CMSIS Pack Vendor :STMicroelectronics PDM2PCM 3.1.0
2023-12-07 07:34:49,760 [INFO] ThirdParty:1030 - CMSIS Pack Vendor :STMicroelectronics X-CUBE-TOF1 3.3.0
2023-12-07 07:34:49,760 [INFO] ThirdParty:1030 - CMSIS Pack Vendor :STMicroelectronics FP-ATR-ASTRA1 1.1.1
2023-12-07 07:34:49,760 [INFO] ThirdParty:1030 - CMSIS Pack Vendor :Infineon AIROC-Wi-Fi-Bluetooth-STM32 1.5.1
2023-12-07 07:34:49,760 [INFO] ThirdParty:1030 - CMSIS Pack Vendor :STMicroelectronics X-CUBE-BLEMGR 3.0.0
2023-12-07 07:34:49,761 [INFO] ThirdParty:1030 - CMSIS Pack Vendor :STMicroelectronics X-CUBE-BLEMGR 1.3.0
2023-12-07 07:34:49,761 [INFO] ThirdParty:1030 - CMSIS Pack Vendor :STMicroelectronics FP-SNS-MOTENVWB1 1.3.1
2023-12-07 07:34:49,761 [INFO] ThirdParty:1030 - CMSIS Pack Vendor :STMicroelectronics FP-ATR-SIGFOX1 3.2.0
2023-12-07 07:34:49,761 [INFO] ThirdParty:1030 - CMSIS Pack Vendor :STMicroelectronics X-CUBE-AZRTOS-G4 1.0.0
2023-12-07 07:34:49,761 [INFO] ThirdParty:1030 - CMSIS Pack Vendor :STMicroelectronics X-CUBE-AZRTOS-L4 1.0.0
2023-12-07 07:34:49,761 [INFO] ThirdParty:1030 - CMSIS Pack Vendor :STMicroelectronics X-CUBE-ISPU 2.0.0
2023-12-07 07:34:49,761 [INFO] ThirdParty:1030 - CMSIS Pack Vendor :STMicroelectronics MBEDTLS 2.16.2
2023-12-07 07:34:49,761 [INFO] ThirdParty:1030 - CMSIS Pack Vendor :STMicroelectronics X-CUBE-TOUCHGFX 4.20.0
2023-12-07 07:34:49,761 [INFO] ThirdParty:1030 - CMSIS Pack Vendor :STMicroelectronics X-CUBE-MEMS1 10.0.0
2023-12-07 07:34:49,761 [INFO] ThirdParty:1030 - CMSIS Pack Vendor :STMicroelectronics X-CUBE-FREERTOS 1.1.0
2023-12-07 07:34:49,761 [INFO] ThirdParty:1030 - CMSIS Pack Vendor :STMicroelectronics X-CUBE-AZRTOS-WL 1.0.0
2023-12-07 07:34:49,761 [INFO] ThirdParty:1030 - CMSIS Pack Vendor :portGmbH I-Cube-SoM-uGOAL 1.1.0
2023-12-07 07:34:49,761 [INFO] ThirdParty:1030 - CMSIS Pack Vendor :STMicroelectronics X-CUBE-ALS 1.0.1
2023-12-07 07:34:49,761 [INFO] ThirdParty:1030 - CMSIS Pack Vendor :STMicroelectronics X-CUBE-MEMS1 9.5.0
2023-12-07 07:34:49,761 [INFO] ThirdParty:1030 - CMSIS Pack Vendor :STMicroelectronics ThreadX 1.0.0
2023-12-07 07:34:49,761 [INFO] ThirdParty:1030 - CMSIS Pack Vendor :STMicroelectronics X-CUBE-AZRTOS-WB 1.1.0
2023-12-07 07:34:49,761 [INFO] ThirdParty:1030 - CMSIS Pack Vendor :SEGGER I-CUBE-embOS 1.3.1
2023-12-07 07:34:49,761 [INFO] ThirdParty:1030 - CMSIS Pack Vendor :STMicroelectronics X-CUBE-EEPRMA1 3.1.1
2023-12-07 07:34:49,761 [INFO] ThirdParty:1030 - CMSIS Pack Vendor :STMicroelectronics FP-ATR-ASTRA1 2.0.0
2023-12-07 07:34:49,761 [INFO] ThirdParty:1030 - CMSIS Pack Vendor :STMicroelectronics X-CUBE-TOF1 3.4.0
2023-12-07 07:34:49,761 [INFO] ThirdParty:1030 - CMSIS Pack Vendor :STMicroelectronics X-CUBE-AZRTOS-H7 3.2.0
2023-12-07 07:34:49,761 [INFO] ThirdParty:841 - exiting critical section [change project]
2023-12-07 07:34:50,311 [INFO] PinOutPanel:1499 - setPackage(No Configuration,No Configuration)
2023-12-07 07:34:50,314 [INFO] PinOutPanel:1499 - setPackage(STM32F103C8Tx,LQFP48)
2023-12-07 07:34:51,203 [INFO] UtilMem:75 - Before build in PCC Used Memory: 594649888 Bytes (1073741824)
2023-12-07 07:34:52,421 [INFO] UtilMem:75 - After build in PCC Used Memory: 773956384 Bytes (1073741824)
2023-12-07 07:34:52,455 [INFO] IPUIPlugin:80 - create IPUIPlugin
2023-12-07 07:34:52,455 [INFO] IPUIPlugin:80 - create IPUIPlugin
2023-12-07 07:34:52,455 [INFO] IPUIPlugin:80 - create IPUIPlugin
2023-12-07 07:34:52,455 [INFO] IPUIPlugin:80 - create IPUIPlugin
2023-12-07 07:34:52,455 [INFO] IPUIPlugin:80 - create IPUIPlugin
2023-12-07 07:34:52,455 [INFO] IPUIPlugin:80 - create IPUIPlugin
2023-12-07 07:34:52,455 [INFO] IPUIPlugin:80 - create IPUIPlugin
2023-12-07 07:34:52,455 [INFO] IPUIPlugin:80 - create IPUIPlugin
2023-12-07 07:34:52,460 [INFO] IPUIPlugin:80 - create IPUIPlugin
2023-12-07 07:34:52,460 [INFO] IPUIPlugin:80 - create IPUIPlugin
2023-12-07 07:34:52,460 [INFO] IPUIPlugin:80 - create IPUIPlugin
2023-12-07 07:34:52,460 [INFO] IPUIPlugin:80 - create IPUIPlugin
2023-12-07 07:34:52,461 [INFO] IPUIPlugin:80 - create IPUIPlugin
2023-12-07 07:34:52,461 [INFO] IPUIPlugin:80 - create IPUIPlugin
2023-12-07 07:34:52,461 [INFO] IPUIPlugin:80 - create IPUIPlugin
2023-12-07 07:34:52,461 [INFO] IPUIPlugin:80 - create IPUIPlugin
2023-12-07 07:34:52,461 [INFO] IPUIPlugin:80 - create IPUIPlugin
2023-12-07 07:34:52,461 [INFO] IPUIPlugin:80 - create IPUIPlugin
2023-12-07 07:34:52,461 [INFO] IPUIPlugin:80 - create IPUIPlugin
2023-12-07 07:34:52,461 [INFO] IPUIPlugin:80 - create IPUIPlugin
2023-12-07 07:34:52,461 [INFO] IPUIPlugin:80 - create IPUIPlugin
2023-12-07 07:34:52,461 [INFO] IPUIPlugin:80 - create IPUIPlugin
2023-12-07 07:34:52,461 [INFO] IPUIPlugin:80 - create IPUIPlugin
2023-12-07 07:34:52,461 [INFO] IPUIPlugin:80 - create IPUIPlugin
2023-12-07 07:34:52,464 [INFO] IPUIPlugin:80 - create IPUIPlugin
2023-12-07 07:34:52,464 [INFO] IPUIPlugin:80 - create IPUIPlugin
2023-12-07 07:34:52,464 [INFO] IPUIPlugin:80 - create IPUIPlugin
2023-12-07 07:34:52,848 [INFO] CADModel:165 - CPN selected for project levelSTM32F103C8T6
2023-12-07 07:34:52,848 [INFO] CADModel:114 - Register for checkConnection events
2023-12-07 07:34:52,919 [INFO] OpenFileManager:328 - Restore cursor
2023-12-07 07:35:49,948 [WARN] IP:2113 - I2C_Coeff_DF not found: check if there is a RefParameter without a condition.
2023-12-07 07:35:49,948 [WARN] IP:2113 - Analog_Filter not found: check if there is a RefParameter without a condition.
2023-12-07 07:35:49,968 [WARN] IP:2113 - I2C_Coeff_DF not found: check if there is a RefParameter without a condition.
2023-12-07 07:35:49,968 [WARN] IP:2113 - Analog_Filter not found: check if there is a RefParameter without a condition.
2023-12-07 07:35:49,968 [WARN] IP:2113 - I2C_Coeff_DF not found: check if there is a RefParameter without a condition.
2023-12-07 07:35:49,968 [WARN] IP:2113 - Analog_Filter not found: check if there is a RefParameter without a condition.
2023-12-07 07:35:50,198 [WARN] IP:2113 - I2C_Coeff_DF not found: check if there is a RefParameter without a condition.
2023-12-07 07:35:50,198 [WARN] IP:2113 - Analog_Filter not found: check if there is a RefParameter without a condition.
2023-12-07 07:35:50,198 [WARN] IP:2113 - I2C_Coeff_DF not found: check if there is a RefParameter without a condition.
2023-12-07 07:35:50,198 [WARN] IP:2113 - Analog_Filter not found: check if there is a RefParameter without a condition.
2023-12-07 07:36:16,442 [WARN] IP:2113 - I2C_Coeff_DF not found: check if there is a RefParameter without a condition.
2023-12-07 07:36:16,442 [WARN] IP:2113 - Analog_Filter not found: check if there is a RefParameter without a condition.
2023-12-07 07:36:16,484 [WARN] IP:2113 - I2C_Coeff_DF not found: check if there is a RefParameter without a condition.
2023-12-07 07:36:16,484 [WARN] IP:2113 - Analog_Filter not found: check if there is a RefParameter without a condition.
2023-12-07 07:36:16,484 [WARN] IP:2113 - I2C_Coeff_DF not found: check if there is a RefParameter without a condition.
2023-12-07 07:36:16,484 [WARN] IP:2113 - Analog_Filter not found: check if there is a RefParameter without a condition.
2023-12-07 07:36:16,630 [WARN] IP:2113 - I2C_Coeff_DF not found: check if there is a RefParameter without a condition.
2023-12-07 07:36:16,630 [WARN] IP:2113 - Analog_Filter not found: check if there is a RefParameter without a condition.
2023-12-07 07:36:16,630 [WARN] IP:2113 - I2C_Coeff_DF not found: check if there is a RefParameter without a condition.
2023-12-07 07:36:16,630 [WARN] IP:2113 - Analog_Filter not found: check if there is a RefParameter without a condition.
2023-12-07 07:36:16,724 [WARN] IP:2113 - I2C_Coeff_DF not found: check if there is a RefParameter without a condition.
2023-12-07 07:36:16,724 [WARN] IP:2113 - Analog_Filter not found: check if there is a RefParameter without a condition.
2023-12-07 07:44:58,574 [INFO] UtilMem:75 - End SaveConfig() Used Memory: 624324192 Bytes (1073741824)
2023-12-07 07:45:03,549 [INFO] MainUpdater:2854 - connection check result : 10
2023-12-07 07:45:03,551 [INFO] MainUpdater:2854 - connection check result : 10
2023-12-07 07:45:03,640 [INFO] MicroXplorer:468 - Change Database Path : 
2023-12-07 07:45:03,640 [INFO] MicroXplorer:498 - Change Database Version : DB.6.0.80
2023-12-07 07:45:03,671 [WARN] ThirdParty:871 - waiting for thirdparty lock release [close project]
2023-12-07 07:45:03,671 [INFO] ThirdParty:873 - entering critical section [close project]
2023-12-07 07:45:03,671 [INFO] ThirdParty:883 - exiting critical section [close project]
2023-12-07 07:45:03,671 [INFO] PinOutPanel:1499 - setPackage(No Configuration,No Configuration)
2023-12-07 07:45:03,687 [INFO] UtilMem:75 - Begin LoadConfig() Used Memory: 715608128 Bytes (1073741824)
2023-12-07 07:45:03,701 [INFO] MicroXplorer:468 - Change Database Path : C:/Users/PC/.stm32cubemx/databases/DB.6.0.70/db/
2023-12-07 07:45:03,701 [INFO] MicroXplorer:498 - Change Database Version : DB.6.0.70
2023-12-07 07:45:06,376 [INFO] OpenFileManager:308 - Change cursor
2023-12-07 07:45:06,413 [INFO] RulesReader:64 - Compatibility file has been processed (283 Rules)
2023-12-07 07:45:06,422 [INFO] Mcu:1937 - Initializing MCU STM32F103C(8-B)Tx STM32F103C8Tx STM32F103C8T6
2023-12-07 07:45:07,219 [INFO] Context:659 - Trying to add GPIOservice into a context  which must be forbidden
2023-12-07 07:45:07,469 [INFO] RtosManager:555 - Registered RTOS mode: class=CMSIS, group=RTOS, mode=CMSIS_V1, owner=FREERTOS
2023-12-07 07:45:07,469 [INFO] RtosManager:555 - Registered RTOS mode: class=CMSIS, group=RTOS2, mode=CMSIS_V2, owner=FREERTOS
2023-12-07 07:45:07,469 [INFO] RtosManager:555 - Registered RTOS mode: class=RTOS, group=Core, mode=CMSIS_V1, owner=FREERTOS
2023-12-07 07:45:07,469 [INFO] RtosManager:555 - Registered RTOS mode: class=RTOS, group=Core, mode=CMSIS_V2, owner=FREERTOS
2023-12-07 07:45:07,469 [WARN] ModelIntegratedComponent:184 - Missing modes for component STMicroelectronics:FreeRTOS:0.0.1:STMicroelectronics:RTOS:FreeRTOS:Core:::10.2.0:
2023-12-07 07:45:07,482 [WARN] ModelIntegratedComponent:63 - No mode defined for component null
2023-12-07 07:45:07,482 [WARN] ModelIntegratedComponent:63 - No mode defined for component null
2023-12-07 07:45:07,482 [WARN] ModelIntegratedComponent:63 - No mode defined for component null
2023-12-07 07:45:07,482 [WARN] ModelIntegratedComponent:63 - No mode defined for component null
2023-12-07 07:45:07,482 [WARN] ModelIntegratedComponent:63 - No mode defined for component null
2023-12-07 07:45:07,482 [WARN] ModelIntegratedComponent:63 - No mode defined for component null
2023-12-07 07:45:07,482 [WARN] ModelIntegratedComponent:63 - No mode defined for component null
2023-12-07 07:45:07,482 [WARN] ModelIntegratedComponent:63 - No mode defined for component null
2023-12-07 07:45:07,482 [WARN] ModelIntegratedComponent:63 - No mode defined for component null
2023-12-07 07:45:07,482 [WARN] ModelIntegratedComponent:63 - No mode defined for component null
2023-12-07 07:45:07,482 [WARN] ModelIntegratedComponent:63 - No mode defined for component null
2023-12-07 07:45:07,482 [WARN] ModelIntegratedComponent:63 - No mode defined for component null
2023-12-07 07:45:07,482 [WARN] ModelIntegratedComponent:63 - No mode defined for component null
2023-12-07 07:45:07,482 [WARN] ModelIntegratedComponent:63 - No mode defined for component null
2023-12-07 07:45:07,482 [WARN] ModelIntegratedComponent:63 - No mode defined for component null
2023-12-07 07:45:07,482 [WARN] ModelIntegratedComponent:63 - No mode defined for component null
2023-12-07 07:45:07,482 [WARN] ModelIntegratedComponent:63 - No mode defined for component null
2023-12-07 07:45:07,482 [WARN] ModelIntegratedComponent:63 - No mode defined for component null
2023-12-07 07:45:07,482 [WARN] ModelIntegratedComponent:63 - No mode defined for component null
2023-12-07 07:45:07,482 [WARN] ModelIntegratedComponent:63 - No mode defined for component null
2023-12-07 07:45:07,482 [WARN] ModelIntegratedComponent:63 - No mode defined for component null
2023-12-07 07:45:07,482 [WARN] ModelIntegratedComponent:63 - No mode defined for component null
2023-12-07 07:45:07,482 [WARN] ModelIntegratedComponent:63 - No mode defined for component null
2023-12-07 07:45:07,482 [WARN] ModelIntegratedComponent:63 - No mode defined for component null
2023-12-07 07:45:07,482 [WARN] ModelIntegratedComponent:63 - No mode defined for component null
2023-12-07 07:45:07,482 [WARN] ModelIntegratedComponent:63 - No mode defined for component null
2023-12-07 07:45:07,482 [WARN] ModelIntegratedComponent:63 - No mode defined for component null
2023-12-07 07:45:07,482 [WARN] ModelIntegratedComponent:63 - No mode defined for component null
2023-12-07 07:45:07,482 [WARN] ModelIntegratedComponent:63 - No mode defined for component null
2023-12-07 07:45:07,482 [WARN] ModelIntegratedComponent:63 - No mode defined for component null
2023-12-07 07:45:07,482 [WARN] ModelIntegratedComponent:63 - No mode defined for component null
2023-12-07 07:45:07,485 [WARN] ModelIntegratedComponent:63 - No mode defined for component null
2023-12-07 07:45:07,485 [WARN] ModelIntegratedComponent:63 - No mode defined for component null
2023-12-07 07:45:07,816 [INFO] ThirdPartyModel:298 - Start build external matchings
2023-12-07 07:45:10,832 [INFO] ThirdPartyModel:316 - End build external matchings
2023-12-07 07:45:10,880 [INFO] ImportTextPane:194 - (OptionalMessage_ERROR) IP (RCC) : Invalid parameter (FamilyName)
2023-12-07 07:45:11,267 [INFO] UtilMem:75 - End LoadConfig() Used Memory: 677304464 Bytes (1073741824)
2023-12-07 07:45:11,353 [WARN] ThirdParty:833 - waiting for thirdparty lock release [change project]
2023-12-07 07:45:11,353 [INFO] ThirdParty:835 - entering critical section [change project]
2023-12-07 07:45:11,353 [INFO] ThirdParty:1030 - CMSIS Pack Vendor :STMicroelectronics X-CUBE-GNSS1 6.0.0
2023-12-07 07:45:11,353 [INFO] ThirdParty:1030 - CMSIS Pack Vendor :STMicroelectronics USB_HOST 2.0.0
2023-12-07 07:45:11,353 [INFO] ThirdParty:1030 - CMSIS Pack Vendor :STMicroelectronics X-CUBE-AZRTOS-F4 1.1.0
2023-12-07 07:45:11,353 [INFO] ThirdParty:1030 - CMSIS Pack Vendor :STMicroelectronics LIBJPEG 8.0.0
2023-12-07 07:45:11,353 [INFO] ThirdParty:1030 - CMSIS Pack Vendor :STMicroelectronics X-CUBE-SMBUS 2.1.0
2023-12-07 07:45:11,353 [INFO] ThirdParty:1030 - CMSIS Pack Vendor :STMicroelectronics X-CUBE-AZRTOS-F7 1.1.0
2023-12-07 07:45:11,353 [INFO] ThirdParty:1030 - CMSIS Pack Vendor :STMicroelectronics X-CUBE-AZRTOS-L5 2.0.0
2023-12-07 07:45:11,353 [INFO] ThirdParty:1030 - CMSIS Pack Vendor :STMicroelectronics USB_DEVICE 2.0.0
2023-12-07 07:45:11,353 [INFO] ThirdParty:1030 - CMSIS Pack Vendor :STMicroelectronics X-CUBE-MEMS1 9.6.0
2023-12-07 07:45:11,353 [INFO] ThirdParty:1030 - CMSIS Pack Vendor :STMicroelectronics X-CUBE-EEPRMA1 4.2.0
2023-12-07 07:45:11,353 [INFO] ThirdParty:1030 - CMSIS Pack Vendor :ITTIA_DB I-CUBE-ITTIADB 8.8.0
2023-12-07 07:45:11,353 [INFO] ThirdParty:1030 - CMSIS Pack Vendor :STMicroelectronics FP-SNS-MOTENV1 4.3.0
2023-12-07 07:45:11,353 [INFO] ThirdParty:1030 - CMSIS Pack Vendor :STMicroelectronics FP-SNS-MOTENV1 4.3.2
2023-12-07 07:45:11,353 [INFO] ThirdParty:1030 - CMSIS Pack Vendor :STMicroelectronics FP-SNS-FLIGHT1 5.0.0
2023-12-07 07:45:11,353 [INFO] ThirdParty:1030 - CMSIS Pack Vendor :STMicroelectronics FP-SNS-MOTENV1 4.3.1
2023-12-07 07:45:11,353 [INFO] ThirdParty:1030 - CMSIS Pack Vendor :STMicroelectronics FP-SNS-FLIGHT1 5.0.1
2023-12-07 07:45:11,353 [INFO] ThirdParty:1030 - CMSIS Pack Vendor :STMicroelectronics X-CUBE-BLE1 6.2.4
2023-12-07 07:45:11,353 [INFO] ThirdParty:1030 - CMSIS Pack Vendor :STMicroelectronics FreeRTOS 0.0.1
2023-12-07 07:45:11,353 [INFO] ThirdParty:1030 - CMSIS Pack Vendor :emotas I-CUBE-CANOPEN 1.1.3
2023-12-07 07:45:11,359 [INFO] ThirdParty:1030 - CMSIS Pack Vendor :STMicroelectronics X-CUBE-BLEMGR 2.0.0
2023-12-07 07:45:11,359 [INFO] ThirdParty:1030 - CMSIS Pack Vendor :STMicroelectronics FP-SNS-FLIGHT1 5.0.2
2023-12-07 07:45:11,359 [INFO] ThirdParty:1030 - CMSIS Pack Vendor :STMicroelectronics X-CUBE-NFC4 2.0.5
2023-12-07 07:45:11,359 [INFO] ThirdParty:1030 - CMSIS Pack Vendor :STMicroelectronics X-CUBE-AZRTOS-H7 3.1.0
2023-12-07 07:45:11,359 [INFO] ThirdParty:1030 - CMSIS Pack Vendor :STMicroelectronics PDM2PCM 3.3.0
2023-12-07 07:45:11,359 [INFO] ThirdParty:1030 - CMSIS Pack Vendor :STMicroelectronics X-CUBE-DISPLAY 3.0.0
2023-12-07 07:45:11,359 [INFO] ThirdParty:1030 - CMSIS Pack Vendor :wolfSSL I-CUBE-wolfSSL 5.5.3
2023-12-07 07:45:11,359 [INFO] ThirdParty:1030 - CMSIS Pack Vendor :STMicroelectronics X-CUBE-BLE1 7.0.0
2023-12-07 07:45:11,359 [INFO] ThirdParty:1030 - CMSIS Pack Vendor :STMicroelectronics HAL Drivers 0.0.0
2023-12-07 07:45:11,359 [INFO] ThirdParty:1030 - CMSIS Pack Vendor :STMicroelectronics X-CUBE-TOUCHGFX 4.22.0
2023-12-07 07:45:11,359 [INFO] ThirdParty:1030 - CMSIS Pack Vendor :STMicroelectronics X-CUBE-NFC7 1.0.1
2023-12-07 07:45:11,360 [INFO] ThirdParty:1030 - CMSIS Pack Vendor :STMicroelectronics MBEDTLS 2.14.1
2023-12-07 07:45:11,360 [INFO] ThirdParty:1030 - CMSIS Pack Vendor :STMicroelectronics X-CUBE-NFC7 1.0.0
2023-12-07 07:45:11,360 [INFO] ThirdParty:1030 - CMSIS Pack Vendor :STMicroelectronics X-CUBE-TOUCHGFX 4.22.1
2023-12-07 07:45:11,360 [INFO] ThirdParty:1030 - CMSIS Pack Vendor :STMicroelectronics X-CUBE-NFC6 3.0.0
2023-12-07 07:45:11,360 [INFO] ThirdParty:1030 - CMSIS Pack Vendor :STMicroelectronics X-CUBE-EEPRMA1 4.1.0
2023-12-07 07:45:11,360 [INFO] ThirdParty:1030 - CMSIS Pack Vendor :STMicroelectronics FP-SNS-SMARTAG2 1.2.0
2023-12-07 07:45:11,360 [INFO] ThirdParty:1030 - CMSIS Pack Vendor :STMicroelectronics X-CUBE-AZRTOS-WL 2.0.0
2023-12-07 07:45:11,360 [INFO] ThirdParty:1030 - CMSIS Pack Vendor :STMicroelectronics USB_DEVICE 1.0.0
2023-12-07 07:45:11,360 [INFO] ThirdParty:1030 - CMSIS Pack Vendor :STMicroelectronics X-CUBE-AI 8.1.0
2023-12-07 07:45:11,360 [INFO] ThirdParty:1030 - CMSIS Pack Vendor :STMicroelectronics X-CUBE-AZRTOS-L4 2.0.0
2023-12-07 07:45:11,360 [INFO] ThirdParty:1030 - CMSIS Pack Vendor :STMicroelectronics ThreadX 0.0.2
2023-12-07 07:45:11,360 [INFO] ThirdParty:1030 - CMSIS Pack Vendor :WES I-CUBE-Cesium 1.3.0
2023-12-07 07:45:11,360 [INFO] ThirdParty:1030 - CMSIS Pack Vendor :STMicroelectronics lwIP 2.1.2
2023-12-07 07:45:11,360 [INFO] ThirdParty:1030 - CMSIS Pack Vendor :STMicroelectronics X-CUBE-SFXS2LP1 4.0.0
2023-12-07 07:45:11,360 [INFO] ThirdParty:1030 - CMSIS Pack Vendor :STMicroelectronics X-CUBE-BLE2 3.3.0
2023-12-07 07:45:11,360 [INFO] ThirdParty:1030 - CMSIS Pack Vendor :STMicroelectronics X-CUBE-DISPLAY 2.2.0
2023-12-07 07:45:11,360 [INFO] ThirdParty:1030 - CMSIS Pack Vendor :STMicroelectronics X-CUBE-TOF1 3.2.0
2023-12-07 07:45:11,360 [INFO] ThirdParty:1030 - CMSIS Pack Vendor :STMicroelectronics PDM2PCM 3.2.0
2023-12-07 07:45:11,360 [INFO] ThirdParty:1030 - CMSIS Pack Vendor :STMicroelectronics X-CUBE-AZRTOS-H7 3.0.0
2023-12-07 07:45:11,360 [INFO] ThirdParty:1030 - CMSIS Pack Vendor :STMicroelectronics X-CUBE-ISPU 1.1.0
2023-12-07 07:45:11,360 [INFO] ThirdParty:1030 - CMSIS Pack Vendor :RoweBots I-CUBE-UNISONRTOS 5.5.0-4
2023-12-07 07:45:11,360 [INFO] ThirdParty:1030 - CMSIS Pack Vendor :STMicroelectronics X-CUBE-AZRTOS-H7 2.1.0
2023-12-07 07:45:11,360 [INFO] ThirdParty:1030 - CMSIS Pack Vendor :STMicroelectronics USB_DEVICE 3.0.0
2023-12-07 07:45:11,360 [INFO] ThirdParty:1030 - CMSIS Pack Vendor :STMicroelectronics X-CUBE-AI 8.0.0
2023-12-07 07:45:11,360 [INFO] ThirdParty:1030 - CMSIS Pack Vendor :STMicroelectronics X-CUBE-AZRTOS-WB 2.0.0
2023-12-07 07:45:11,364 [INFO] ThirdParty:1030 - CMSIS Pack Vendor :STMicroelectronics X-CUBE-FREERTOS 1.0.0
2023-12-07 07:45:11,364 [INFO] ThirdParty:1030 - CMSIS Pack Vendor :STMicroelectronics X-CUBE-FREERTOS 1.0.1
2023-12-07 07:45:11,364 [INFO] ThirdParty:1030 - CMSIS Pack Vendor :STMicroelectronics X-CUBE-TOUCHGFX 4.21.1
2023-12-07 07:45:11,364 [INFO] ThirdParty:1030 - CMSIS Pack Vendor :STMicroelectronics X-CUBE-TOUCHGFX 4.21.0
2023-12-07 07:45:11,364 [INFO] ThirdParty:1030 - CMSIS Pack Vendor :STMicroelectronics X-CUBE-TOUCHGFX 4.21.3
2023-12-07 07:45:11,364 [INFO] ThirdParty:1030 - CMSIS Pack Vendor :STMicroelectronics X-CUBE-TOUCHGFX 4.21.4
2023-12-07 07:45:11,364 [INFO] ThirdParty:1030 - CMSIS Pack Vendor :STMicroelectronics X-CUBE-MEMS1 9.4.0
2023-12-07 07:45:11,364 [INFO] ThirdParty:1030 - CMSIS Pack Vendor :STMicroelectronics X-CUBE-AI 7.3.0
2023-12-07 07:45:11,364 [INFO] ThirdParty:1030 - CMSIS Pack Vendor :STMicroelectronics X-CUBE-ALGOBUILD 1.3.0
2023-12-07 07:45:11,364 [INFO] ThirdParty:1030 - CMSIS Pack Vendor :STMicroelectronics X-CUBE-AZRTOS-L5 1.1.0
2023-12-07 07:45:11,364 [INFO] ThirdParty:1030 - CMSIS Pack Vendor :STMicroelectronics X-CUBE-AZRTOS-G0 1.1.0
2023-12-07 07:45:11,364 [INFO] ThirdParty:1030 - CMSIS Pack Vendor :STMicroelectronics X-CUBE-AI 8.0.1
2023-12-07 07:45:11,364 [INFO] ThirdParty:1030 - CMSIS Pack Vendor :STMicroelectronics X-CUBE-NFC4 3.0.0
2023-12-07 07:45:11,364 [INFO] ThirdParty:1030 - CMSIS Pack Vendor :STMicroelectronics X-CUBE-SUBG2 5.0.0
2023-12-07 07:45:11,364 [INFO] ThirdParty:1030 - CMSIS Pack Vendor :STMicroelectronics STM32_WPAN 1.0.0
2023-12-07 07:45:11,364 [INFO] ThirdParty:1030 - CMSIS Pack Vendor :SEGGER I-CUBE-embOS 1.2.1
2023-12-07 07:45:11,366 [INFO] ThirdParty:1030 - CMSIS Pack Vendor :STMicroelectronics lwIP 2.0.3
2023-12-07 07:45:11,366 [INFO] ThirdParty:1030 - CMSIS Pack Vendor :STMicroelectronics USB_HOST 1.0.0
2023-12-07 07:45:11,366 [INFO] ThirdParty:1030 - CMSIS Pack Vendor :STMicroelectronics X-CUBE-TOF1 3.3.1
2023-12-07 07:45:11,366 [INFO] ThirdParty:1030 - CMSIS Pack Vendor :STMicroelectronics X-CUBE-AZRTOS-G4 2.0.0
2023-12-07 07:45:11,366 [INFO] ThirdParty:1030 - CMSIS Pack Vendor :STMicroelectronics PDM2PCM 3.1.0
2023-12-07 07:45:11,366 [INFO] ThirdParty:1030 - CMSIS Pack Vendor :STMicroelectronics X-CUBE-TOF1 3.3.0
2023-12-07 07:45:11,366 [INFO] ThirdParty:1030 - CMSIS Pack Vendor :STMicroelectronics FP-ATR-ASTRA1 1.1.1
2023-12-07 07:45:11,366 [INFO] ThirdParty:1030 - CMSIS Pack Vendor :Infineon AIROC-Wi-Fi-Bluetooth-STM32 1.5.1
2023-12-07 07:45:11,366 [INFO] ThirdParty:1030 - CMSIS Pack Vendor :STMicroelectronics X-CUBE-BLEMGR 3.0.0
2023-12-07 07:45:11,367 [INFO] ThirdParty:1030 - CMSIS Pack Vendor :STMicroelectronics X-CUBE-BLEMGR 1.3.0
2023-12-07 07:45:11,367 [INFO] ThirdParty:1030 - CMSIS Pack Vendor :STMicroelectronics FP-SNS-MOTENVWB1 1.3.1
2023-12-07 07:45:11,367 [INFO] ThirdParty:1030 - CMSIS Pack Vendor :STMicroelectronics FP-ATR-SIGFOX1 3.2.0
2023-12-07 07:45:11,367 [INFO] ThirdParty:1030 - CMSIS Pack Vendor :STMicroelectronics X-CUBE-AZRTOS-G4 1.0.0
2023-12-07 07:45:11,367 [INFO] ThirdParty:1030 - CMSIS Pack Vendor :STMicroelectronics X-CUBE-AZRTOS-L4 1.0.0
2023-12-07 07:45:11,367 [INFO] ThirdParty:1030 - CMSIS Pack Vendor :STMicroelectronics X-CUBE-ISPU 2.0.0
2023-12-07 07:45:11,367 [INFO] ThirdParty:1030 - CMSIS Pack Vendor :STMicroelectronics MBEDTLS 2.16.2
2023-12-07 07:45:11,367 [INFO] ThirdParty:1030 - CMSIS Pack Vendor :STMicroelectronics X-CUBE-TOUCHGFX 4.20.0
2023-12-07 07:45:11,367 [INFO] ThirdParty:1030 - CMSIS Pack Vendor :STMicroelectronics X-CUBE-MEMS1 10.0.0
2023-12-07 07:45:11,367 [INFO] ThirdParty:1030 - CMSIS Pack Vendor :STMicroelectronics X-CUBE-FREERTOS 1.1.0
2023-12-07 07:45:11,367 [INFO] ThirdParty:1030 - CMSIS Pack Vendor :STMicroelectronics X-CUBE-AZRTOS-WL 1.0.0
2023-12-07 07:45:11,367 [INFO] ThirdParty:1030 - CMSIS Pack Vendor :portGmbH I-Cube-SoM-uGOAL 1.1.0
2023-12-07 07:45:11,367 [INFO] ThirdParty:1030 - CMSIS Pack Vendor :STMicroelectronics X-CUBE-ALS 1.0.1
2023-12-07 07:45:11,367 [INFO] ThirdParty:1030 - CMSIS Pack Vendor :STMicroelectronics X-CUBE-MEMS1 9.5.0
2023-12-07 07:45:11,367 [INFO] ThirdParty:1030 - CMSIS Pack Vendor :STMicroelectronics ThreadX 1.0.0
2023-12-07 07:45:11,367 [INFO] ThirdParty:1030 - CMSIS Pack Vendor :STMicroelectronics X-CUBE-AZRTOS-WB 1.1.0
2023-12-07 07:45:11,367 [INFO] ThirdParty:1030 - CMSIS Pack Vendor :SEGGER I-CUBE-embOS 1.3.1
2023-12-07 07:45:11,367 [INFO] ThirdParty:1030 - CMSIS Pack Vendor :STMicroelectronics X-CUBE-EEPRMA1 3.1.1
2023-12-07 07:45:11,367 [INFO] ThirdParty:1030 - CMSIS Pack Vendor :STMicroelectronics FP-ATR-ASTRA1 2.0.0
2023-12-07 07:45:11,367 [INFO] ThirdParty:1030 - CMSIS Pack Vendor :STMicroelectronics X-CUBE-TOF1 3.4.0
2023-12-07 07:45:11,367 [INFO] ThirdParty:1030 - CMSIS Pack Vendor :STMicroelectronics X-CUBE-AZRTOS-H7 3.2.0
2023-12-07 07:45:11,367 [INFO] ThirdParty:841 - exiting critical section [change project]
2023-12-07 07:45:11,548 [INFO] PinOutPanel:1499 - setPackage(No Configuration,No Configuration)
2023-12-07 07:45:11,548 [INFO] PinOutPanel:1499 - setPackage(STM32F103C8Tx,LQFP48)
2023-12-07 07:45:12,054 [INFO] UtilMem:75 - Before build in PCC Used Memory: 665664864 Bytes (1073741824)
2023-12-07 07:45:12,478 [INFO] UtilMem:75 - After build in PCC Used Memory: 707074152 Bytes (1073741824)
2023-12-07 07:45:12,510 [INFO] IPUIPlugin:80 - create IPUIPlugin
2023-12-07 07:45:12,510 [INFO] IPUIPlugin:80 - create IPUIPlugin
2023-12-07 07:45:12,510 [INFO] IPUIPlugin:80 - create IPUIPlugin
2023-12-07 07:45:12,526 [INFO] IPUIPlugin:80 - create IPUIPlugin
2023-12-07 07:45:12,526 [INFO] IPUIPlugin:80 - create IPUIPlugin
2023-12-07 07:45:12,526 [INFO] IPUIPlugin:80 - create IPUIPlugin
2023-12-07 07:45:12,526 [INFO] IPUIPlugin:80 - create IPUIPlugin
2023-12-07 07:45:12,526 [INFO] IPUIPlugin:80 - create IPUIPlugin
2023-12-07 07:45:12,526 [INFO] IPUIPlugin:80 - create IPUIPlugin
2023-12-07 07:45:12,526 [INFO] IPUIPlugin:80 - create IPUIPlugin
2023-12-07 07:45:12,526 [INFO] IPUIPlugin:80 - create IPUIPlugin
2023-12-07 07:45:12,526 [INFO] IPUIPlugin:80 - create IPUIPlugin
2023-12-07 07:45:12,526 [INFO] IPUIPlugin:80 - create IPUIPlugin
2023-12-07 07:45:12,526 [INFO] IPUIPlugin:80 - create IPUIPlugin
2023-12-07 07:45:12,526 [INFO] IPUIPlugin:80 - create IPUIPlugin
2023-12-07 07:45:12,526 [INFO] IPUIPlugin:80 - create IPUIPlugin
2023-12-07 07:45:12,526 [INFO] IPUIPlugin:80 - create IPUIPlugin
2023-12-07 07:45:12,526 [INFO] IPUIPlugin:80 - create IPUIPlugin
2023-12-07 07:45:12,526 [INFO] IPUIPlugin:80 - create IPUIPlugin
2023-12-07 07:45:12,526 [INFO] IPUIPlugin:80 - create IPUIPlugin
2023-12-07 07:45:12,526 [INFO] IPUIPlugin:80 - create IPUIPlugin
2023-12-07 07:45:12,526 [INFO] IPUIPlugin:80 - create IPUIPlugin
2023-12-07 07:45:12,526 [INFO] IPUIPlugin:80 - create IPUIPlugin
2023-12-07 07:45:12,526 [INFO] IPUIPlugin:80 - create IPUIPlugin
2023-12-07 07:45:12,526 [INFO] IPUIPlugin:80 - create IPUIPlugin
2023-12-07 07:45:12,526 [INFO] IPUIPlugin:80 - create IPUIPlugin
2023-12-07 07:45:12,526 [INFO] IPUIPlugin:80 - create IPUIPlugin
2023-12-07 07:45:12,612 [INFO] CADModel:165 - CPN selected for project levelSTM32F103C8T6
2023-12-07 07:45:12,612 [INFO] CADModel:114 - Register for checkConnection events
2023-12-07 07:45:12,684 [INFO] OpenFileManager:328 - Restore cursor
2023-12-07 07:45:50,588 [INFO] RtosManager:919 - Current active RTOS is FREERTOS [Cortex-M3NS]
2023-12-07 07:45:50,941 [INFO] ApiDbMcu:507 - Load IP Config File for FREERTOS
2023-12-07 07:45:51,428 [ERROR] RtosPanel:558 - Can not restore the selected Tab for FREERTOS(A reason can be that the tab is no more available.)
2023-12-07 07:45:51,525 [ERROR] RtosPanel:558 - Can not restore the selected Tab for FREERTOS(A reason can be that the tab is no more available.)
2023-12-07 07:46:03,319 [INFO] RtosManager:930 - There is no active RTOS [Cortex-M3NS]
2023-12-07 14:06:17,792 [INFO] UtilMem:75 - End SaveConfig() Used Memory: 746977224 Bytes (1073741824)
